This file contains any messages produced by compilers while
running configure, to aid debugging if configure makes a mistake.

It was created by netperf configure 2.7.0, which was
generated by GNU Autoconf 2.71.  Invocation command line was

  $ ./configure --host=riscv64-linux-musl --build=x86_64-linux-gnu --disable-histogram --disable-omni

## --------- ##
## Platform. ##
## --------- ##

hostname = docker-desktop
uname -m = x86_64
uname -r = 5.15.167.4-microsoft-standard-WSL2
uname -s = Linux
uname -v = #1 SMP Tue Nov 5 00:21:55 UTC 2024

/usr/bin/uname -p = x86_64
/bin/uname -X     = unknown

/bin/arch              = x86_64
/usr/bin/arch -k       = unknown
/usr/convex/getsysinfo = unknown
/usr/bin/hostinfo      = unknown
/bin/machine           = unknown
/usr/bin/oslevel       = unknown
/bin/universe          = unknown

PATH: /vscode/vscode-server/bin/linux-x64/9b8ae15a8cf95b9bce1b590b42954530f440e816/bin/remote-cli/
PATH: /opt/qemu-bin-9.2.1/bin/
PATH: /opt/riscv64-linux-musl-cross/bin/
PATH: /opt/loongarch64-linux-musl-cross/bin/
PATH: /opt/gcc-13.2.0-loongarch64-linux-gnu/bin/
PATH: /opt/toolchain-loongarch64-linux-gnu-gcc8-host-x86_64-2022-07-18/bin/
PATH: /usr/local/sbin/
PATH: /usr/local/bin/
PATH: /usr/sbin/
PATH: /usr/bin/
PATH: /sbin/
PATH: /bin/
PATH: /opt/kendryte-toolchain/bin/
PATH: /root/.cargo/bin/
PATH: /opt/riscv64--musl--bleeding-edge-2020.08-1/bin/


## ----------- ##
## Core tests. ##
## ----------- ##

configure:2497: looking for aux files: missing install-sh config.guess config.sub
configure:2510:  trying ./
configure:2539:   ./missing found
configure:2521:   ./install-sh found
configure:2539:   ./config.guess found
configure:2539:   ./config.sub found
configure:2663: checking build system type
configure:2678: result: x86_64-pc-linux-gnu
configure:2698: checking host system type
configure:2712: result: riscv64-unknown-linux-musl
configure:2732: checking target system type
configure:2746: result: riscv64-unknown-linux-musl
configure:2790: checking for a BSD-compatible install
configure:2863: result: /usr/bin/install -c
configure:2874: checking whether build environment is sane
configure:2924: result: yes
configure:2974: checking for riscv64-linux-musl-strip
configure:2995: found /opt/riscv64-linux-musl-cross/bin/riscv64-linux-musl-strip
configure:3006: result: riscv64-linux-musl-strip
configure:3077: checking for a race-free mkdir -p
configure:3121: result: /usr/bin/mkdir -p
configure:3134: checking for gawk
configure:3155: found /usr/bin/gawk
configure:3166: result: gawk
configure:3177: checking whether make sets $(MAKE)
configure:3200: result: yes
configure:3303: checking for riscv64-linux-musl-gcc
configure:3335: result: riscv64-linux-musl-gcc
configure:3733: checking for C compiler version
configure:3742: riscv64-linux-musl-gcc --version >&5
riscv64-linux-musl-gcc (GCC) 11.2.1 20211120
Copyright (C) 2021 Free Software Foundation, Inc.
This is free software; see the source for copying conditions.  There is NO
warranty; not even for MERCHANTABILITY or FITNESS FOR A PARTICULAR PURPOSE.

configure:3753: $? = 0
configure:3742: riscv64-linux-musl-gcc -v >&5
Using built-in specs.
COLLECT_GCC=riscv64-linux-musl-gcc
COLLECT_LTO_WRAPPER=/opt/riscv64-linux-musl-cross/bin/../libexec/gcc/riscv64-linux-musl/11.2.1/lto-wrapper
Target: riscv64-linux-musl
Configured with: ../src_gcc/configure --enable-languages=c,c++,fortran CC='gcc -static --static' CXX='g++ -static --static' FC='gfortran -static --static' CFLAGS='-g0 -O2 -fno-align-functions -fno-align-jumps -fno-align-loops -fno-align-labels -Wno-error' CXXFLAGS='-g0 -O2 -fno-align-functions -fno-align-jumps -fno-align-loops -fno-align-labels -Wno-error' FFLAGS='-g0 -O2 -fno-align-functions -fno-align-jumps -fno-align-loops -fno-align-labels -Wno-error' LDFLAGS='-s -static --static' --enable-default-pie --enable-static-pie --disable-cet --disable-bootstrap --disable-assembly --disable-werror --target=riscv64-linux-musl --prefix= --libdir=/lib --disable-multilib --with-sysroot=/riscv64-linux-musl --enable-tls --disable-libmudflap --disable-libsanitizer --disable-gnu-indirect-function --disable-libmpx --enable-initfini-array --enable-libstdcxx-time=rt --enable-deterministic-archives --enable-libstdcxx-time --enable-libquadmath --enable-libquadmath-support --disable-decimal-float --with-build-sysroot=/tmp/m1132/build/local/riscv64-linux-musl/obj_sysroot AR_FOR_TARGET=/tmp/m1132/build/local/riscv64-linux-musl/obj_binutils/binutils/ar AS_FOR_TARGET=/tmp/m1132/build/local/riscv64-linux-musl/obj_binutils/gas/as-new LD_FOR_TARGET=/tmp/m1132/build/local/riscv64-linux-musl/obj_binutils/ld/ld-new NM_FOR_TARGET=/tmp/m1132/build/local/riscv64-linux-musl/obj_binutils/binutils/nm-new OBJCOPY_FOR_TARGET=/tmp/m1132/build/local/riscv64-linux-musl/obj_binutils/binutils/objcopy OBJDUMP_FOR_TARGET=/tmp/m1132/build/local/riscv64-linux-musl/obj_binutils/binutils/objdump RANLIB_FOR_TARGET=/tmp/m1132/build/local/riscv64-linux-musl/obj_binutils/binutils/ranlib READELF_FOR_TARGET=/tmp/m1132/build/local/riscv64-linux-musl/obj_binutils/binutils/readelf STRIP_FOR_TARGET=/tmp/m1132/build/local/riscv64-linux-musl/obj_binutils/binutils/strip-new --build=x86_64-pc-linux-muslx32 --host=x86_64-pc-linux-muslx32
Thread model: posix
Supported LTO compression algorithms: zlib
gcc version 11.2.1 20211120 (GCC) 
configure:3753: $? = 0
configure:3742: riscv64-linux-musl-gcc -V >&5
riscv64-linux-musl-gcc: error: unrecognized command-line option '-V'
riscv64-linux-musl-gcc: fatal error: no input files
compilation terminated.
configure:3753: $? = 1
configure:3742: riscv64-linux-musl-gcc -qversion >&5
riscv64-linux-musl-gcc: error: unrecognized command-line option '-qversion'; did you mean '--version'?
riscv64-linux-musl-gcc: fatal error: no input files
compilation terminated.
configure:3753: $? = 1
configure:3742: riscv64-linux-musl-gcc -version >&5
riscv64-linux-musl-gcc: error: unrecognized command-line option '-version'
riscv64-linux-musl-gcc: fatal error: no input files
compilation terminated.
configure:3753: $? = 1
configure:3773: checking whether the C compiler works
configure:3795: riscv64-linux-musl-gcc    conftest.c  >&5
configure:3799: $? = 0
configure:3849: result: yes
configure:3852: checking for C compiler default output file name
configure:3854: result: a.out
configure:3860: checking for suffix of executables
configure:3867: riscv64-linux-musl-gcc -o conftest    conftest.c  >&5
configure:3871: $? = 0
configure:3894: result: 
configure:3916: checking whether we are cross compiling
configure:3954: result: yes
configure:3959: checking for suffix of object files
configure:3982: riscv64-linux-musl-gcc -c   conftest.c >&5
configure:3986: $? = 0
configure:4008: result: o
configure:4012: checking whether the compiler supports GNU C
configure:4032: riscv64-linux-musl-gcc -c   conftest.c >&5
configure:4032: $? = 0
configure:4042: result: yes
configure:4053: checking whether riscv64-linux-musl-gcc accepts -g
configure:4074: riscv64-linux-musl-gcc -c -g  conftest.c >&5
configure:4074: $? = 0
configure:4118: result: yes
configure:4138: checking for riscv64-linux-musl-gcc option to enable C11 features
configure:4153: riscv64-linux-musl-gcc  -c   conftest.c >&5
configure:4153: $? = 0
configure:4171: result: none needed
configure:4292: checking for style of include used by make
configure:4320: result: GNU
configure:4347: checking dependency style of riscv64-linux-musl-gcc
configure:4459: result: gcc3
configure:4477: checking for riscv64-linux-musl-ranlib
configure:4498: found /opt/riscv64-linux-musl-cross/bin/riscv64-linux-musl-ranlib
configure:4509: result: riscv64-linux-musl-ranlib
configure:4578: checking for an ANSI C-conforming const
configure:4645: riscv64-linux-musl-gcc -c   conftest.c >&5
configure:4645: $? = 0
configure:4653: result: yes
configure:4663: checking for main in -lm
configure:4683: riscv64-linux-musl-gcc -o conftest    conftest.c -lm   >&5
configure:4683: $? = 0
configure:4693: result: yes
configure:4710: checking for stdio.h
configure:4710: riscv64-linux-musl-gcc -c   conftest.c >&5
configure:4710: $? = 0
configure:4710: result: yes
configure:4710: checking for stdlib.h
configure:4710: riscv64-linux-musl-gcc -c   conftest.c >&5
configure:4710: $? = 0
configure:4710: result: yes
configure:4710: checking for string.h
configure:4710: riscv64-linux-musl-gcc -c   conftest.c >&5
configure:4710: $? = 0
configure:4710: result: yes
configure:4710: checking for inttypes.h
configure:4710: riscv64-linux-musl-gcc -c   conftest.c >&5
configure:4710: $? = 0
configure:4710: result: yes
configure:4710: checking for stdint.h
configure:4710: riscv64-linux-musl-gcc -c   conftest.c >&5
configure:4710: $? = 0
configure:4710: result: yes
configure:4710: checking for strings.h
configure:4710: riscv64-linux-musl-gcc -c   conftest.c >&5
configure:4710: $? = 0
configure:4710: result: yes
configure:4710: checking for sys/stat.h
configure:4710: riscv64-linux-musl-gcc -c   conftest.c >&5
configure:4710: $? = 0
configure:4710: result: yes
configure:4710: checking for sys/types.h
configure:4710: riscv64-linux-musl-gcc -c   conftest.c >&5
configure:4710: $? = 0
configure:4710: result: yes
configure:4710: checking for unistd.h
configure:4710: riscv64-linux-musl-gcc -c   conftest.c >&5
configure:4710: $? = 0
configure:4710: result: yes
configure:4710: checking for sys/time.h
configure:4710: riscv64-linux-musl-gcc -c   conftest.c >&5
configure:4710: $? = 0
configure:4710: result: yes
configure:4710: checking for vfork.h
configure:4710: riscv64-linux-musl-gcc -c   conftest.c >&5
conftest.c:50:10: fatal error: vfork.h: No such file or directory
   50 | #include <vfork.h>
      |          ^~~~~~~~~
compilation terminated.
configure:4710: $? = 1
configure: failed program was:
| /* confdefs.h */
| #define PACKAGE_NAME "netperf"
| #define PACKAGE_TARNAME "netperf"
| #define PACKAGE_VERSION "2.7.0"
| #define PACKAGE_STRING "netperf 2.7.0"
| #define PACKAGE_BUGREPORT ""
| #define PACKAGE_URL ""
| #define PACKAGE "netperf"
| #define VERSION "2.7.0"
| #define HAVE_LIBM 1
| #define HAVE_STDIO_H 1
| #define HAVE_STDLIB_H 1
| #define HAVE_STRING_H 1
| #define HAVE_INTTYPES_H 1
| #define HAVE_STDINT_H 1
| #define HAVE_STRINGS_H 1
| #define HAVE_SYS_STAT_H 1
| #define HAVE_SYS_TYPES_H 1
| #define HAVE_UNISTD_H 1
| #define HAVE_SYS_TIME_H 1
| /* end confdefs.h.  */
| #include <stddef.h>
| #ifdef HAVE_STDIO_H
| # include <stdio.h>
| #endif
| #ifdef HAVE_STDLIB_H
| # include <stdlib.h>
| #endif
| #ifdef HAVE_STRING_H
| # include <string.h>
| #endif
| #ifdef HAVE_INTTYPES_H
| # include <inttypes.h>
| #endif
| #ifdef HAVE_STDINT_H
| # include <stdint.h>
| #endif
| #ifdef HAVE_STRINGS_H
| # include <strings.h>
| #endif
| #ifdef HAVE_SYS_TYPES_H
| # include <sys/types.h>
| #endif
| #ifdef HAVE_SYS_STAT_H
| # include <sys/stat.h>
| #endif
| #ifdef HAVE_UNISTD_H
| # include <unistd.h>
| #endif
| #include <vfork.h>
configure:4710: result: no
configure:4710: checking for sys/param.h
configure:4710: riscv64-linux-musl-gcc -c   conftest.c >&5
configure:4710: $? = 0
configure:4710: result: yes
configure:4710: checking for sys/select.h
configure:4710: riscv64-linux-musl-gcc -c   conftest.c >&5
configure:4710: $? = 0
configure:4710: result: yes
configure:4710: checking for sys/socket.h
configure:4710: riscv64-linux-musl-gcc -c   conftest.c >&5
configure:4710: $? = 0
configure:4710: result: yes
configure:4735: checking for grep that handles long lines and -e
configure:4799: result: /usr/bin/grep
configure:4807: checking for egrep
configure:4875: result: /usr/bin/grep -E
configure:4881: checking for sys/wait.h that is POSIX.1 compatible
configure:4908: riscv64-linux-musl-gcc -c   conftest.c >&5
configure:4908: $? = 0
configure:4916: result: yes
configure:4926: checking for arpa/inet.h
configure:4926: riscv64-linux-musl-gcc -c   conftest.c >&5
configure:4926: $? = 0
configure:4926: result: yes
configure:4932: checking for endian.h
configure:4932: riscv64-linux-musl-gcc -c   conftest.c >&5
configure:4932: $? = 0
configure:4932: result: yes
configure:4938: checking for errno.h
configure:4938: riscv64-linux-musl-gcc -c   conftest.c >&5
configure:4938: $? = 0
configure:4938: result: yes
configure:4944: checking for fcntl.h
configure:4944: riscv64-linux-musl-gcc -c   conftest.c >&5
configure:4944: $? = 0
configure:4944: result: yes
configure:4950: checking for ifaddrs.h
configure:4950: riscv64-linux-musl-gcc -c   conftest.c >&5
configure:4950: $? = 0
configure:4950: result: yes
configure:4956: checking for limits.h
configure:4956: riscv64-linux-musl-gcc -c   conftest.c >&5
configure:4956: $? = 0
configure:4956: result: yes
configure:4962: checking for linux/tcp.h
configure:4962: riscv64-linux-musl-gcc -c   conftest.c >&5
configure:4962: $? = 0
configure:4962: result: yes
configure:4968: checking for linux/socket.h
configure:4968: riscv64-linux-musl-gcc -c   conftest.c >&5
configure:4968: $? = 0
configure:4968: result: yes
configure:4974: checking for malloc.h
configure:4974: riscv64-linux-musl-gcc -c   conftest.c >&5
configure:4974: $? = 0
configure:4974: result: yes
configure:4980: checking for netdb.h
configure:4980: riscv64-linux-musl-gcc -c   conftest.c >&5
configure:4980: $? = 0
configure:4980: result: yes
configure:4986: checking for netinet/in.h
configure:4986: riscv64-linux-musl-gcc -c   conftest.c >&5
configure:4986: $? = 0
configure:4986: result: yes
configure:4992: checking for netinet/sctp.h
configure:4992: riscv64-linux-musl-gcc -c   conftest.c >&5
conftest.c:66:10: fatal error: netinet/sctp.h: No such file or directory
   66 | #include <netinet/sctp.h>
      |          ^~~~~~~~~~~~~~~~
compilation terminated.
configure:4992: $? = 1
configure: failed program was:
| /* confdefs.h */
| #define PACKAGE_NAME "netperf"
| #define PACKAGE_TARNAME "netperf"
| #define PACKAGE_VERSION "2.7.0"
| #define PACKAGE_STRING "netperf 2.7.0"
| #define PACKAGE_BUGREPORT ""
| #define PACKAGE_URL ""
| #define PACKAGE "netperf"
| #define VERSION "2.7.0"
| #define HAVE_LIBM 1
| #define HAVE_STDIO_H 1
| #define HAVE_STDLIB_H 1
| #define HAVE_STRING_H 1
| #define HAVE_INTTYPES_H 1
| #define HAVE_STDINT_H 1
| #define HAVE_STRINGS_H 1
| #define HAVE_SYS_STAT_H 1
| #define HAVE_SYS_TYPES_H 1
| #define HAVE_UNISTD_H 1
| #define HAVE_SYS_TIME_H 1
| #define HAVE_SYS_PARAM_H 1
| #define HAVE_SYS_SELECT_H 1
| #define HAVE_SYS_SOCKET_H 1
| #define STDC_HEADERS 1
| #define HAVE_SYS_WAIT_H 1
| #define HAVE_ARPA_INET_H 1
| #define HAVE_ENDIAN_H 1
| #define HAVE_ERRNO_H 1
| #define HAVE_FCNTL_H 1
| #define HAVE_IFADDRS_H 1
| #define HAVE_LIMITS_H 1
| #define HAVE_LINUX_TCP_H 1
| #define HAVE_LINUX_SOCKET_H 1
| #define HAVE_MALLOC_H 1
| #define HAVE_NETDB_H 1
| #define HAVE_NETINET_IN_H 1
| /* end confdefs.h.  */
| #include <stddef.h>
| #ifdef HAVE_STDIO_H
| # include <stdio.h>
| #endif
| #ifdef HAVE_STDLIB_H
| # include <stdlib.h>
| #endif
| #ifdef HAVE_STRING_H
| # include <string.h>
| #endif
| #ifdef HAVE_INTTYPES_H
| # include <inttypes.h>
| #endif
| #ifdef HAVE_STDINT_H
| # include <stdint.h>
| #endif
| #ifdef HAVE_STRINGS_H
| # include <strings.h>
| #endif
| #ifdef HAVE_SYS_TYPES_H
| # include <sys/types.h>
| #endif
| #ifdef HAVE_SYS_STAT_H
| # include <sys/stat.h>
| #endif
| #ifdef HAVE_UNISTD_H
| # include <unistd.h>
| #endif
| #include <netinet/sctp.h>
configure:4992: result: no
configure:4998: checking for sched.h
configure:4998: riscv64-linux-musl-gcc -c   conftest.c >&5
configure:4998: $? = 0
configure:4998: result: yes
configure:5004: checking for signal.h
configure:5004: riscv64-linux-musl-gcc -c   conftest.c >&5
configure:5004: $? = 0
configure:5004: result: yes
configure:5010: checking for stdlib.h
configure:5010: result: yes
configure:5016: checking for string.h
configure:5016: result: yes
configure:5022: checking for strings.h
configure:5022: result: yes
configure:5028: checking for syscall.h
configure:5028: riscv64-linux-musl-gcc -c   conftest.c >&5
configure:5028: $? = 0
configure:5028: result: yes
configure:5034: checking for sys/ioctl.h
configure:5034: riscv64-linux-musl-gcc -c   conftest.c >&5
configure:5034: $? = 0
configure:5034: result: yes
configure:5040: checking for sys/mman.h
configure:5040: riscv64-linux-musl-gcc -c   conftest.c >&5
configure:5040: $? = 0
configure:5040: result: yes
configure:5046: checking for sys/param.h
configure:5046: result: yes
configure:5052: checking for sys/socket.h
configure:5052: result: yes
configure:5058: checking for sys/stat.h
configure:5058: result: yes
configure:5064: checking for sys/time.h
configure:5064: result: yes
configure:5070: checking for sys/wait.h
configure:5070: result: yes
configure:5076: checking for sys/ipc.h
configure:5076: riscv64-linux-musl-gcc -c   conftest.c >&5
configure:5076: $? = 0
configure:5076: result: yes
configure:5082: checking for sys/sockio.h
configure:5082: riscv64-linux-musl-gcc -c   conftest.c >&5
conftest.c:80:10: fatal error: sys/sockio.h: No such file or directory
   80 | #include <sys/sockio.h>
      |          ^~~~~~~~~~~~~~
compilation terminated.
configure:5082: $? = 1
configure: failed program was:
| /* confdefs.h */
| #define PACKAGE_NAME "netperf"
| #define PACKAGE_TARNAME "netperf"
| #define PACKAGE_VERSION "2.7.0"
| #define PACKAGE_STRING "netperf 2.7.0"
| #define PACKAGE_BUGREPORT ""
| #define PACKAGE_URL ""
| #define PACKAGE "netperf"
| #define VERSION "2.7.0"
| #define HAVE_LIBM 1
| #define HAVE_STDIO_H 1
| #define HAVE_STDLIB_H 1
| #define HAVE_STRING_H 1
| #define HAVE_INTTYPES_H 1
| #define HAVE_STDINT_H 1
| #define HAVE_STRINGS_H 1
| #define HAVE_SYS_STAT_H 1
| #define HAVE_SYS_TYPES_H 1
| #define HAVE_UNISTD_H 1
| #define HAVE_SYS_TIME_H 1
| #define HAVE_SYS_PARAM_H 1
| #define HAVE_SYS_SELECT_H 1
| #define HAVE_SYS_SOCKET_H 1
| #define STDC_HEADERS 1
| #define HAVE_SYS_WAIT_H 1
| #define HAVE_ARPA_INET_H 1
| #define HAVE_ENDIAN_H 1
| #define HAVE_ERRNO_H 1
| #define HAVE_FCNTL_H 1
| #define HAVE_IFADDRS_H 1
| #define HAVE_LIMITS_H 1
| #define HAVE_LINUX_TCP_H 1
| #define HAVE_LINUX_SOCKET_H 1
| #define HAVE_MALLOC_H 1
| #define HAVE_NETDB_H 1
| #define HAVE_NETINET_IN_H 1
| #define HAVE_SCHED_H 1
| #define HAVE_SIGNAL_H 1
| #define HAVE_STDLIB_H 1
| #define HAVE_STRING_H 1
| #define HAVE_STRINGS_H 1
| #define HAVE_SYSCALL_H 1
| #define HAVE_SYS_IOCTL_H 1
| #define HAVE_SYS_MMAN_H 1
| #define HAVE_SYS_PARAM_H 1
| #define HAVE_SYS_SOCKET_H 1
| #define HAVE_SYS_STAT_H 1
| #define HAVE_SYS_TIME_H 1
| #define HAVE_SYS_WAIT_H 1
| #define HAVE_SYS_IPC_H 1
| /* end confdefs.h.  */
| #include <stddef.h>
| #ifdef HAVE_STDIO_H
| # include <stdio.h>
| #endif
| #ifdef HAVE_STDLIB_H
| # include <stdlib.h>
| #endif
| #ifdef HAVE_STRING_H
| # include <string.h>
| #endif
| #ifdef HAVE_INTTYPES_H
| # include <inttypes.h>
| #endif
| #ifdef HAVE_STDINT_H
| # include <stdint.h>
| #endif
| #ifdef HAVE_STRINGS_H
| # include <strings.h>
| #endif
| #ifdef HAVE_SYS_TYPES_H
| # include <sys/types.h>
| #endif
| #ifdef HAVE_SYS_STAT_H
| # include <sys/stat.h>
| #endif
| #ifdef HAVE_UNISTD_H
| # include <unistd.h>
| #endif
| #include <sys/sockio.h>
configure:5082: result: no
configure:5088: checking for sys/sysinfo.h
configure:5088: riscv64-linux-musl-gcc -c   conftest.c >&5
configure:5088: $? = 0
configure:5088: result: yes
configure:5094: checking for sys/wait.h
configure:5094: result: yes
configure:5100: checking for stdlib.h
configure:5100: result: yes
configure:5106: checking for unistd.h
configure:5106: result: yes
configure:5112: checking for netinet/in_systm.h
configure:5112: riscv64-linux-musl-gcc -c   conftest.c >&5
configure:5112: $? = 0
configure:5112: result: yes
configure:5118: checking for netinet/ip.h
configure:5118: riscv64-linux-musl-gcc -c   conftest.c >&5
configure:5118: $? = 0
configure:5118: result: yes
configure:5124: checking for sys/sendfile.h
configure:5124: riscv64-linux-musl-gcc -c   conftest.c >&5
configure:5124: $? = 0
configure:5124: result: yes
configure:5133: checking for main in -lsocket
configure:5153: riscv64-linux-musl-gcc -o conftest    conftest.c -lsocket  -lm  >&5
/opt/riscv64-linux-musl-cross/bin/../lib/gcc/riscv64-linux-musl/11.2.1/../../../../riscv64-linux-musl/bin/ld: cannot find -lsocket
collect2: error: ld returned 1 exit status
configure:5153: $? = 1
configure: failed program was:
| /* confdefs.h */
| #define PACKAGE_NAME "netperf"
| #define PACKAGE_TARNAME "netperf"
| #define PACKAGE_VERSION "2.7.0"
| #define PACKAGE_STRING "netperf 2.7.0"
| #define PACKAGE_BUGREPORT ""
| #define PACKAGE_URL ""
| #define PACKAGE "netperf"
| #define VERSION "2.7.0"
| #define HAVE_LIBM 1
| #define HAVE_STDIO_H 1
| #define HAVE_STDLIB_H 1
| #define HAVE_STRING_H 1
| #define HAVE_INTTYPES_H 1
| #define HAVE_STDINT_H 1
| #define HAVE_STRINGS_H 1
| #define HAVE_SYS_STAT_H 1
| #define HAVE_SYS_TYPES_H 1
| #define HAVE_UNISTD_H 1
| #define HAVE_SYS_TIME_H 1
| #define HAVE_SYS_PARAM_H 1
| #define HAVE_SYS_SELECT_H 1
| #define HAVE_SYS_SOCKET_H 1
| #define STDC_HEADERS 1
| #define HAVE_SYS_WAIT_H 1
| #define HAVE_ARPA_INET_H 1
| #define HAVE_ENDIAN_H 1
| #define HAVE_ERRNO_H 1
| #define HAVE_FCNTL_H 1
| #define HAVE_IFADDRS_H 1
| #define HAVE_LIMITS_H 1
| #define HAVE_LINUX_TCP_H 1
| #define HAVE_LINUX_SOCKET_H 1
| #define HAVE_MALLOC_H 1
| #define HAVE_NETDB_H 1
| #define HAVE_NETINET_IN_H 1
| #define HAVE_SCHED_H 1
| #define HAVE_SIGNAL_H 1
| #define HAVE_STDLIB_H 1
| #define HAVE_STRING_H 1
| #define HAVE_STRINGS_H 1
| #define HAVE_SYSCALL_H 1
| #define HAVE_SYS_IOCTL_H 1
| #define HAVE_SYS_MMAN_H 1
| #define HAVE_SYS_PARAM_H 1
| #define HAVE_SYS_SOCKET_H 1
| #define HAVE_SYS_STAT_H 1
| #define HAVE_SYS_TIME_H 1
| #define HAVE_SYS_WAIT_H 1
| #define HAVE_SYS_IPC_H 1
| #define HAVE_SYS_SYSINFO_H 1
| #define HAVE_SYS_WAIT_H 1
| #define HAVE_STDLIB_H 1
| #define HAVE_UNISTD_H 1
| #define HAVE_NETINET_IN_SYSTM_H 1
| #define HAVE_NETINET_IP_H 1
| #define HAVE_SYS_SENDFILE_H 1
| /* end confdefs.h.  */
| 
| 
| int
| main (void)
| {
| return main ();
|   ;
|   return 0;
| }
configure:5163: result: no
configure:5464: checking for main in -lmach
configure:5484: riscv64-linux-musl-gcc -o conftest    conftest.c -lmach  -lm  >&5
/opt/riscv64-linux-musl-cross/bin/../lib/gcc/riscv64-linux-musl/11.2.1/../../../../riscv64-linux-musl/bin/ld: cannot find -lmach
collect2: error: ld returned 1 exit status
configure:5484: $? = 1
configure: failed program was:
| /* confdefs.h */
| #define PACKAGE_NAME "netperf"
| #define PACKAGE_TARNAME "netperf"
| #define PACKAGE_VERSION "2.7.0"
| #define PACKAGE_STRING "netperf 2.7.0"
| #define PACKAGE_BUGREPORT ""
| #define PACKAGE_URL ""
| #define PACKAGE "netperf"
| #define VERSION "2.7.0"
| #define HAVE_LIBM 1
| #define HAVE_STDIO_H 1
| #define HAVE_STDLIB_H 1
| #define HAVE_STRING_H 1
| #define HAVE_INTTYPES_H 1
| #define HAVE_STDINT_H 1
| #define HAVE_STRINGS_H 1
| #define HAVE_SYS_STAT_H 1
| #define HAVE_SYS_TYPES_H 1
| #define HAVE_UNISTD_H 1
| #define HAVE_SYS_TIME_H 1
| #define HAVE_SYS_PARAM_H 1
| #define HAVE_SYS_SELECT_H 1
| #define HAVE_SYS_SOCKET_H 1
| #define STDC_HEADERS 1
| #define HAVE_SYS_WAIT_H 1
| #define HAVE_ARPA_INET_H 1
| #define HAVE_ENDIAN_H 1
| #define HAVE_ERRNO_H 1
| #define HAVE_FCNTL_H 1
| #define HAVE_IFADDRS_H 1
| #define HAVE_LIMITS_H 1
| #define HAVE_LINUX_TCP_H 1
| #define HAVE_LINUX_SOCKET_H 1
| #define HAVE_MALLOC_H 1
| #define HAVE_NETDB_H 1
| #define HAVE_NETINET_IN_H 1
| #define HAVE_SCHED_H 1
| #define HAVE_SIGNAL_H 1
| #define HAVE_STDLIB_H 1
| #define HAVE_STRING_H 1
| #define HAVE_STRINGS_H 1
| #define HAVE_SYSCALL_H 1
| #define HAVE_SYS_IOCTL_H 1
| #define HAVE_SYS_MMAN_H 1
| #define HAVE_SYS_PARAM_H 1
| #define HAVE_SYS_SOCKET_H 1
| #define HAVE_SYS_STAT_H 1
| #define HAVE_SYS_TIME_H 1
| #define HAVE_SYS_WAIT_H 1
| #define HAVE_SYS_IPC_H 1
| #define HAVE_SYS_SYSINFO_H 1
| #define HAVE_SYS_WAIT_H 1
| #define HAVE_STDLIB_H 1
| #define HAVE_UNISTD_H 1
| #define HAVE_NETINET_IN_SYSTM_H 1
| #define HAVE_NETINET_IP_H 1
| #define HAVE_SYS_SENDFILE_H 1
| /* end confdefs.h.  */
| 
| 
| int
| main (void)
| {
| return main ();
|   ;
|   return 0;
| }
configure:5494: result: no
configure:5507: checking for an ANSI C-conforming const
configure:5582: result: yes
configure:5590: checking for off_t
configure:5590: riscv64-linux-musl-gcc -c   conftest.c >&5
configure:5590: $? = 0
configure:5590: riscv64-linux-musl-gcc -c   conftest.c >&5
conftest.c: In function 'main':
conftest.c:90:20: error: expected expression before ')' token
   90 | if (sizeof ((off_t)))
      |                    ^
configure:5590: $? = 1
configure: failed program was:
| /* confdefs.h */
| #define PACKAGE_NAME "netperf"
| #define PACKAGE_TARNAME "netperf"
| #define PACKAGE_VERSION "2.7.0"
| #define PACKAGE_STRING "netperf 2.7.0"
| #define PACKAGE_BUGREPORT ""
| #define PACKAGE_URL ""
| #define PACKAGE "netperf"
| #define VERSION "2.7.0"
| #define HAVE_LIBM 1
| #define HAVE_STDIO_H 1
| #define HAVE_STDLIB_H 1
| #define HAVE_STRING_H 1
| #define HAVE_INTTYPES_H 1
| #define HAVE_STDINT_H 1
| #define HAVE_STRINGS_H 1
| #define HAVE_SYS_STAT_H 1
| #define HAVE_SYS_TYPES_H 1
| #define HAVE_UNISTD_H 1
| #define HAVE_SYS_TIME_H 1
| #define HAVE_SYS_PARAM_H 1
| #define HAVE_SYS_SELECT_H 1
| #define HAVE_SYS_SOCKET_H 1
| #define STDC_HEADERS 1
| #define HAVE_SYS_WAIT_H 1
| #define HAVE_ARPA_INET_H 1
| #define HAVE_ENDIAN_H 1
| #define HAVE_ERRNO_H 1
| #define HAVE_FCNTL_H 1
| #define HAVE_IFADDRS_H 1
| #define HAVE_LIMITS_H 1
| #define HAVE_LINUX_TCP_H 1
| #define HAVE_LINUX_SOCKET_H 1
| #define HAVE_MALLOC_H 1
| #define HAVE_NETDB_H 1
| #define HAVE_NETINET_IN_H 1
| #define HAVE_SCHED_H 1
| #define HAVE_SIGNAL_H 1
| #define HAVE_STDLIB_H 1
| #define HAVE_STRING_H 1
| #define HAVE_STRINGS_H 1
| #define HAVE_SYSCALL_H 1
| #define HAVE_SYS_IOCTL_H 1
| #define HAVE_SYS_MMAN_H 1
| #define HAVE_SYS_PARAM_H 1
| #define HAVE_SYS_SOCKET_H 1
| #define HAVE_SYS_STAT_H 1
| #define HAVE_SYS_TIME_H 1
| #define HAVE_SYS_WAIT_H 1
| #define HAVE_SYS_IPC_H 1
| #define HAVE_SYS_SYSINFO_H 1
| #define HAVE_SYS_WAIT_H 1
| #define HAVE_STDLIB_H 1
| #define HAVE_UNISTD_H 1
| #define HAVE_NETINET_IN_SYSTM_H 1
| #define HAVE_NETINET_IP_H 1
| #define HAVE_SYS_SENDFILE_H 1
| /* end confdefs.h.  */
| #include <stddef.h>
| #ifdef HAVE_STDIO_H
| # include <stdio.h>
| #endif
| #ifdef HAVE_STDLIB_H
| # include <stdlib.h>
| #endif
| #ifdef HAVE_STRING_H
| # include <string.h>
| #endif
| #ifdef HAVE_INTTYPES_H
| # include <inttypes.h>
| #endif
| #ifdef HAVE_STDINT_H
| # include <stdint.h>
| #endif
| #ifdef HAVE_STRINGS_H
| # include <strings.h>
| #endif
| #ifdef HAVE_SYS_TYPES_H
| # include <sys/types.h>
| #endif
| #ifdef HAVE_SYS_STAT_H
| # include <sys/stat.h>
| #endif
| #ifdef HAVE_UNISTD_H
| # include <unistd.h>
| #endif
| int
| main (void)
| {
| if (sizeof ((off_t)))
| 	    return 0;
|   ;
|   return 0;
| }
configure:5590: result: yes
configure:5600: checking for size_t
configure:5600: riscv64-linux-musl-gcc -c   conftest.c >&5
configure:5600: $? = 0
configure:5600: riscv64-linux-musl-gcc -c   conftest.c >&5
conftest.c: In function 'main':
conftest.c:90:21: error: expected expression before ')' token
   90 | if (sizeof ((size_t)))
      |                     ^
configure:5600: $? = 1
configure: failed program was:
| /* confdefs.h */
| #define PACKAGE_NAME "netperf"
| #define PACKAGE_TARNAME "netperf"
| #define PACKAGE_VERSION "2.7.0"
| #define PACKAGE_STRING "netperf 2.7.0"
| #define PACKAGE_BUGREPORT ""
| #define PACKAGE_URL ""
| #define PACKAGE "netperf"
| #define VERSION "2.7.0"
| #define HAVE_LIBM 1
| #define HAVE_STDIO_H 1
| #define HAVE_STDLIB_H 1
| #define HAVE_STRING_H 1
| #define HAVE_INTTYPES_H 1
| #define HAVE_STDINT_H 1
| #define HAVE_STRINGS_H 1
| #define HAVE_SYS_STAT_H 1
| #define HAVE_SYS_TYPES_H 1
| #define HAVE_UNISTD_H 1
| #define HAVE_SYS_TIME_H 1
| #define HAVE_SYS_PARAM_H 1
| #define HAVE_SYS_SELECT_H 1
| #define HAVE_SYS_SOCKET_H 1
| #define STDC_HEADERS 1
| #define HAVE_SYS_WAIT_H 1
| #define HAVE_ARPA_INET_H 1
| #define HAVE_ENDIAN_H 1
| #define HAVE_ERRNO_H 1
| #define HAVE_FCNTL_H 1
| #define HAVE_IFADDRS_H 1
| #define HAVE_LIMITS_H 1
| #define HAVE_LINUX_TCP_H 1
| #define HAVE_LINUX_SOCKET_H 1
| #define HAVE_MALLOC_H 1
| #define HAVE_NETDB_H 1
| #define HAVE_NETINET_IN_H 1
| #define HAVE_SCHED_H 1
| #define HAVE_SIGNAL_H 1
| #define HAVE_STDLIB_H 1
| #define HAVE_STRING_H 1
| #define HAVE_STRINGS_H 1
| #define HAVE_SYSCALL_H 1
| #define HAVE_SYS_IOCTL_H 1
| #define HAVE_SYS_MMAN_H 1
| #define HAVE_SYS_PARAM_H 1
| #define HAVE_SYS_SOCKET_H 1
| #define HAVE_SYS_STAT_H 1
| #define HAVE_SYS_TIME_H 1
| #define HAVE_SYS_WAIT_H 1
| #define HAVE_SYS_IPC_H 1
| #define HAVE_SYS_SYSINFO_H 1
| #define HAVE_SYS_WAIT_H 1
| #define HAVE_STDLIB_H 1
| #define HAVE_UNISTD_H 1
| #define HAVE_NETINET_IN_SYSTM_H 1
| #define HAVE_NETINET_IP_H 1
| #define HAVE_SYS_SENDFILE_H 1
| /* end confdefs.h.  */
| #include <stddef.h>
| #ifdef HAVE_STDIO_H
| # include <stdio.h>
| #endif
| #ifdef HAVE_STDLIB_H
| # include <stdlib.h>
| #endif
| #ifdef HAVE_STRING_H
| # include <string.h>
| #endif
| #ifdef HAVE_INTTYPES_H
| # include <inttypes.h>
| #endif
| #ifdef HAVE_STDINT_H
| # include <stdint.h>
| #endif
| #ifdef HAVE_STRINGS_H
| # include <strings.h>
| #endif
| #ifdef HAVE_SYS_TYPES_H
| # include <sys/types.h>
| #endif
| #ifdef HAVE_SYS_STAT_H
| # include <sys/stat.h>
| #endif
| #ifdef HAVE_UNISTD_H
| # include <unistd.h>
| #endif
| int
| main (void)
| {
| if (sizeof ((size_t)))
| 	    return 0;
|   ;
|   return 0;
| }
configure:5600: result: yes
configure:5613: checking for socklen_t equivalent
configure:5648: riscv64-linux-musl-gcc -c   conftest.c >&5
conftest.c:67:30: error: conflicting types for 'getpeername'; have 'int(int,  struct sockaddr *, int *)'
   67 |                   extern int getpeername (int, struct sockaddr *, int *);
      |                              ^~~~~~~~~~~
In file included from conftest.c:64:
/opt/riscv64-linux-musl-cross/riscv64-linux-musl/include/sys/socket.h:390:5: note: previous declaration of 'getpeername' with type 'int(int,  struct sockaddr * restrict,  socklen_t * restrict)' {aka 'int(int,  struct sockaddr * restrict,  unsigned int * restrict)'}
  390 | int getpeername (int, struct sockaddr *__restrict, socklen_t *__restrict);
      |     ^~~~~~~~~~~
configure:5648: $? = 1
configure: failed program was:
| /* confdefs.h */
| #define PACKAGE_NAME "netperf"
| #define PACKAGE_TARNAME "netperf"
| #define PACKAGE_VERSION "2.7.0"
| #define PACKAGE_STRING "netperf 2.7.0"
| #define PACKAGE_BUGREPORT ""
| #define PACKAGE_URL ""
| #define PACKAGE "netperf"
| #define VERSION "2.7.0"
| #define HAVE_LIBM 1
| #define HAVE_STDIO_H 1
| #define HAVE_STDLIB_H 1
| #define HAVE_STRING_H 1
| #define HAVE_INTTYPES_H 1
| #define HAVE_STDINT_H 1
| #define HAVE_STRINGS_H 1
| #define HAVE_SYS_STAT_H 1
| #define HAVE_SYS_TYPES_H 1
| #define HAVE_UNISTD_H 1
| #define HAVE_SYS_TIME_H 1
| #define HAVE_SYS_PARAM_H 1
| #define HAVE_SYS_SELECT_H 1
| #define HAVE_SYS_SOCKET_H 1
| #define STDC_HEADERS 1
| #define HAVE_SYS_WAIT_H 1
| #define HAVE_ARPA_INET_H 1
| #define HAVE_ENDIAN_H 1
| #define HAVE_ERRNO_H 1
| #define HAVE_FCNTL_H 1
| #define HAVE_IFADDRS_H 1
| #define HAVE_LIMITS_H 1
| #define HAVE_LINUX_TCP_H 1
| #define HAVE_LINUX_SOCKET_H 1
| #define HAVE_MALLOC_H 1
| #define HAVE_NETDB_H 1
| #define HAVE_NETINET_IN_H 1
| #define HAVE_SCHED_H 1
| #define HAVE_SIGNAL_H 1
| #define HAVE_STDLIB_H 1
| #define HAVE_STRING_H 1
| #define HAVE_STRINGS_H 1
| #define HAVE_SYSCALL_H 1
| #define HAVE_SYS_IOCTL_H 1
| #define HAVE_SYS_MMAN_H 1
| #define HAVE_SYS_PARAM_H 1
| #define HAVE_SYS_SOCKET_H 1
| #define HAVE_SYS_STAT_H 1
| #define HAVE_SYS_TIME_H 1
| #define HAVE_SYS_WAIT_H 1
| #define HAVE_SYS_IPC_H 1
| #define HAVE_SYS_SYSINFO_H 1
| #define HAVE_SYS_WAIT_H 1
| #define HAVE_STDLIB_H 1
| #define HAVE_UNISTD_H 1
| #define HAVE_NETINET_IN_SYSTM_H 1
| #define HAVE_NETINET_IP_H 1
| #define HAVE_SYS_SENDFILE_H 1
| /* end confdefs.h.  */
| 
|                   #ifdef HAVE_SYS_TYPES_H
|                   #include <sys/types.h>
|                   #endif
|                   #ifdef HAVE_SYS_SOCKET_H
|                   #include <sys/socket.h>
|                   #endif
| 
|                   extern int getpeername (int, struct sockaddr *, int *);
| 
| int
| main (void)
| {
| 
|                   int len;
|                   getpeername(0,0,&len);
| 
|   ;
|   return 0;
| }
configure:5648: riscv64-linux-musl-gcc -c   conftest.c >&5
conftest.c:67:30: error: conflicting types for 'getpeername'; have 'int(int,  struct sockaddr *, size_t *)' {aka 'int(int,  struct sockaddr *, long unsigned int *)'}
   67 |                   extern int getpeername (int, struct sockaddr *, size_t *);
      |                              ^~~~~~~~~~~
In file included from conftest.c:64:
/opt/riscv64-linux-musl-cross/riscv64-linux-musl/include/sys/socket.h:390:5: note: previous declaration of 'getpeername' with type 'int(int,  struct sockaddr * restrict,  socklen_t * restrict)' {aka 'int(int,  struct sockaddr * restrict,  unsigned int * restrict)'}
  390 | int getpeername (int, struct sockaddr *__restrict, socklen_t *__restrict);
      |     ^~~~~~~~~~~
configure:5648: $? = 1
configure: failed program was:
| /* confdefs.h */
| #define PACKAGE_NAME "netperf"
| #define PACKAGE_TARNAME "netperf"
| #define PACKAGE_VERSION "2.7.0"
| #define PACKAGE_STRING "netperf 2.7.0"
| #define PACKAGE_BUGREPORT ""
| #define PACKAGE_URL ""
| #define PACKAGE "netperf"
| #define VERSION "2.7.0"
| #define HAVE_LIBM 1
| #define HAVE_STDIO_H 1
| #define HAVE_STDLIB_H 1
| #define HAVE_STRING_H 1
| #define HAVE_INTTYPES_H 1
| #define HAVE_STDINT_H 1
| #define HAVE_STRINGS_H 1
| #define HAVE_SYS_STAT_H 1
| #define HAVE_SYS_TYPES_H 1
| #define HAVE_UNISTD_H 1
| #define HAVE_SYS_TIME_H 1
| #define HAVE_SYS_PARAM_H 1
| #define HAVE_SYS_SELECT_H 1
| #define HAVE_SYS_SOCKET_H 1
| #define STDC_HEADERS 1
| #define HAVE_SYS_WAIT_H 1
| #define HAVE_ARPA_INET_H 1
| #define HAVE_ENDIAN_H 1
| #define HAVE_ERRNO_H 1
| #define HAVE_FCNTL_H 1
| #define HAVE_IFADDRS_H 1
| #define HAVE_LIMITS_H 1
| #define HAVE_LINUX_TCP_H 1
| #define HAVE_LINUX_SOCKET_H 1
| #define HAVE_MALLOC_H 1
| #define HAVE_NETDB_H 1
| #define HAVE_NETINET_IN_H 1
| #define HAVE_SCHED_H 1
| #define HAVE_SIGNAL_H 1
| #define HAVE_STDLIB_H 1
| #define HAVE_STRING_H 1
| #define HAVE_STRINGS_H 1
| #define HAVE_SYSCALL_H 1
| #define HAVE_SYS_IOCTL_H 1
| #define HAVE_SYS_MMAN_H 1
| #define HAVE_SYS_PARAM_H 1
| #define HAVE_SYS_SOCKET_H 1
| #define HAVE_SYS_STAT_H 1
| #define HAVE_SYS_TIME_H 1
| #define HAVE_SYS_WAIT_H 1
| #define HAVE_SYS_IPC_H 1
| #define HAVE_SYS_SYSINFO_H 1
| #define HAVE_SYS_WAIT_H 1
| #define HAVE_STDLIB_H 1
| #define HAVE_UNISTD_H 1
| #define HAVE_NETINET_IN_SYSTM_H 1
| #define HAVE_NETINET_IP_H 1
| #define HAVE_SYS_SENDFILE_H 1
| /* end confdefs.h.  */
| 
|                   #ifdef HAVE_SYS_TYPES_H
|                   #include <sys/types.h>
|                   #endif
|                   #ifdef HAVE_SYS_SOCKET_H
|                   #include <sys/socket.h>
|                   #endif
| 
|                   extern int getpeername (int, struct sockaddr *, size_t *);
| 
| int
| main (void)
| {
| 
|                   size_t len;
|                   getpeername(0,0,&len);
| 
|   ;
|   return 0;
| }
configure:5648: riscv64-linux-musl-gcc -c   conftest.c >&5
configure:5648: $? = 0
configure:5668: result: unsigned
configure:5676: checking for h_errno declaration in netdb.h
configure:5696: riscv64-linux-musl-gcc -c   conftest.c >&5
configure:5696: $? = 0
configure:5704: result: yes
configure:5711: checking for struct sockaddr_storage
configure:5733: riscv64-linux-musl-gcc -c   conftest.c >&5
configure:5733: $? = 0
configure:5741: result: yes
configure:5758: checking for _Bool
configure:5758: riscv64-linux-musl-gcc -c   conftest.c >&5
configure:5758: $? = 0
configure:5758: riscv64-linux-musl-gcc -c   conftest.c >&5
conftest.c: In function 'main':
conftest.c:94:20: error: expected expression before ')' token
   94 | if (sizeof ((_Bool)))
      |                    ^
configure:5758: $? = 1
configure: failed program was:
| /* confdefs.h */
| #define PACKAGE_NAME "netperf"
| #define PACKAGE_TARNAME "netperf"
| #define PACKAGE_VERSION "2.7.0"
| #define PACKAGE_STRING "netperf 2.7.0"
| #define PACKAGE_BUGREPORT ""
| #define PACKAGE_URL ""
| #define PACKAGE "netperf"
| #define VERSION "2.7.0"
| #define HAVE_LIBM 1
| #define HAVE_STDIO_H 1
| #define HAVE_STDLIB_H 1
| #define HAVE_STRING_H 1
| #define HAVE_INTTYPES_H 1
| #define HAVE_STDINT_H 1
| #define HAVE_STRINGS_H 1
| #define HAVE_SYS_STAT_H 1
| #define HAVE_SYS_TYPES_H 1
| #define HAVE_UNISTD_H 1
| #define HAVE_SYS_TIME_H 1
| #define HAVE_SYS_PARAM_H 1
| #define HAVE_SYS_SELECT_H 1
| #define HAVE_SYS_SOCKET_H 1
| #define STDC_HEADERS 1
| #define HAVE_SYS_WAIT_H 1
| #define HAVE_ARPA_INET_H 1
| #define HAVE_ENDIAN_H 1
| #define HAVE_ERRNO_H 1
| #define HAVE_FCNTL_H 1
| #define HAVE_IFADDRS_H 1
| #define HAVE_LIMITS_H 1
| #define HAVE_LINUX_TCP_H 1
| #define HAVE_LINUX_SOCKET_H 1
| #define HAVE_MALLOC_H 1
| #define HAVE_NETDB_H 1
| #define HAVE_NETINET_IN_H 1
| #define HAVE_SCHED_H 1
| #define HAVE_SIGNAL_H 1
| #define HAVE_STDLIB_H 1
| #define HAVE_STRING_H 1
| #define HAVE_STRINGS_H 1
| #define HAVE_SYSCALL_H 1
| #define HAVE_SYS_IOCTL_H 1
| #define HAVE_SYS_MMAN_H 1
| #define HAVE_SYS_PARAM_H 1
| #define HAVE_SYS_SOCKET_H 1
| #define HAVE_SYS_STAT_H 1
| #define HAVE_SYS_TIME_H 1
| #define HAVE_SYS_WAIT_H 1
| #define HAVE_SYS_IPC_H 1
| #define HAVE_SYS_SYSINFO_H 1
| #define HAVE_SYS_WAIT_H 1
| #define HAVE_STDLIB_H 1
| #define HAVE_UNISTD_H 1
| #define HAVE_NETINET_IN_SYSTM_H 1
| #define HAVE_NETINET_IP_H 1
| #define HAVE_SYS_SENDFILE_H 1
| #define netperf_socklen_t unsigned
| #define H_ERRNO_DECLARED 1
| #define HAVE_STRUCT_SOCKADDR_STORAGE 1
| #define TIME_WITH_SYS_TIME 1
| /* end confdefs.h.  */
| #include <stddef.h>
| #ifdef HAVE_STDIO_H
| # include <stdio.h>
| #endif
| #ifdef HAVE_STDLIB_H
| # include <stdlib.h>
| #endif
| #ifdef HAVE_STRING_H
| # include <string.h>
| #endif
| #ifdef HAVE_INTTYPES_H
| # include <inttypes.h>
| #endif
| #ifdef HAVE_STDINT_H
| # include <stdint.h>
| #endif
| #ifdef HAVE_STRINGS_H
| # include <strings.h>
| #endif
| #ifdef HAVE_SYS_TYPES_H
| # include <sys/types.h>
| #endif
| #ifdef HAVE_SYS_STAT_H
| # include <sys/stat.h>
| #endif
| #ifdef HAVE_UNISTD_H
| # include <unistd.h>
| #endif
| int
| main (void)
| {
| if (sizeof ((_Bool)))
| 	    return 0;
|   ;
|   return 0;
| }
configure:5758: result: yes
configure:5767: checking for stdbool.h that conforms to C99
configure:5883: riscv64-linux-musl-gcc -c   conftest.c >&5
configure:5883: $? = 0
configure:5891: result: yes
configure:5901: checking if sockaddr struct has sa_len member
configure:5920: riscv64-linux-musl-gcc -c   conftest.c >&5
conftest.c: In function 'main':
conftest.c:71:40: error: 'struct sockaddr' has no member named 'sa_len'
   71 | u_int i = sizeof(((struct sockaddr *)0)->sa_len)
      |                                        ^~
configure:5920: $? = 1
configure: failed program was:
| /* confdefs.h */
| #define PACKAGE_NAME "netperf"
| #define PACKAGE_TARNAME "netperf"
| #define PACKAGE_VERSION "2.7.0"
| #define PACKAGE_STRING "netperf 2.7.0"
| #define PACKAGE_BUGREPORT ""
| #define PACKAGE_URL ""
| #define PACKAGE "netperf"
| #define VERSION "2.7.0"
| #define HAVE_LIBM 1
| #define HAVE_STDIO_H 1
| #define HAVE_STDLIB_H 1
| #define HAVE_STRING_H 1
| #define HAVE_INTTYPES_H 1
| #define HAVE_STDINT_H 1
| #define HAVE_STRINGS_H 1
| #define HAVE_SYS_STAT_H 1
| #define HAVE_SYS_TYPES_H 1
| #define HAVE_UNISTD_H 1
| #define HAVE_SYS_TIME_H 1
| #define HAVE_SYS_PARAM_H 1
| #define HAVE_SYS_SELECT_H 1
| #define HAVE_SYS_SOCKET_H 1
| #define STDC_HEADERS 1
| #define HAVE_SYS_WAIT_H 1
| #define HAVE_ARPA_INET_H 1
| #define HAVE_ENDIAN_H 1
| #define HAVE_ERRNO_H 1
| #define HAVE_FCNTL_H 1
| #define HAVE_IFADDRS_H 1
| #define HAVE_LIMITS_H 1
| #define HAVE_LINUX_TCP_H 1
| #define HAVE_LINUX_SOCKET_H 1
| #define HAVE_MALLOC_H 1
| #define HAVE_NETDB_H 1
| #define HAVE_NETINET_IN_H 1
| #define HAVE_SCHED_H 1
| #define HAVE_SIGNAL_H 1
| #define HAVE_STDLIB_H 1
| #define HAVE_STRING_H 1
| #define HAVE_STRINGS_H 1
| #define HAVE_SYSCALL_H 1
| #define HAVE_SYS_IOCTL_H 1
| #define HAVE_SYS_MMAN_H 1
| #define HAVE_SYS_PARAM_H 1
| #define HAVE_SYS_SOCKET_H 1
| #define HAVE_SYS_STAT_H 1
| #define HAVE_SYS_TIME_H 1
| #define HAVE_SYS_WAIT_H 1
| #define HAVE_SYS_IPC_H 1
| #define HAVE_SYS_SYSINFO_H 1
| #define HAVE_SYS_WAIT_H 1
| #define HAVE_STDLIB_H 1
| #define HAVE_UNISTD_H 1
| #define HAVE_NETINET_IN_SYSTM_H 1
| #define HAVE_NETINET_IP_H 1
| #define HAVE_SYS_SENDFILE_H 1
| #define netperf_socklen_t unsigned
| #define H_ERRNO_DECLARED 1
| #define HAVE_STRUCT_SOCKADDR_STORAGE 1
| #define TIME_WITH_SYS_TIME 1
| #define HAVE__BOOL 1
| #define HAVE_STDBOOL_H 1
| /* end confdefs.h.  */
| 
| #               include <sys/types.h>
| #               include <sys/socket.h>
| int
| main (void)
| {
| u_int i = sizeof(((struct sockaddr *)0)->sa_len)
|   ;
|   return 0;
| }
configure:5929: result: no
configure:5941: checking for pid_t
configure:5941: riscv64-linux-musl-gcc -c   conftest.c >&5
configure:5941: $? = 0
configure:5941: riscv64-linux-musl-gcc -c   conftest.c >&5
conftest.c: In function 'main':
conftest.c:97:20: error: expected expression before ')' token
   97 | if (sizeof ((pid_t)))
      |                    ^
configure:5941: $? = 1
configure: failed program was:
| /* confdefs.h */
| #define PACKAGE_NAME "netperf"
| #define PACKAGE_TARNAME "netperf"
| #define PACKAGE_VERSION "2.7.0"
| #define PACKAGE_STRING "netperf 2.7.0"
| #define PACKAGE_BUGREPORT ""
| #define PACKAGE_URL ""
| #define PACKAGE "netperf"
| #define VERSION "2.7.0"
| #define HAVE_LIBM 1
| #define HAVE_STDIO_H 1
| #define HAVE_STDLIB_H 1
| #define HAVE_STRING_H 1
| #define HAVE_INTTYPES_H 1
| #define HAVE_STDINT_H 1
| #define HAVE_STRINGS_H 1
| #define HAVE_SYS_STAT_H 1
| #define HAVE_SYS_TYPES_H 1
| #define HAVE_UNISTD_H 1
| #define HAVE_SYS_TIME_H 1
| #define HAVE_SYS_PARAM_H 1
| #define HAVE_SYS_SELECT_H 1
| #define HAVE_SYS_SOCKET_H 1
| #define STDC_HEADERS 1
| #define HAVE_SYS_WAIT_H 1
| #define HAVE_ARPA_INET_H 1
| #define HAVE_ENDIAN_H 1
| #define HAVE_ERRNO_H 1
| #define HAVE_FCNTL_H 1
| #define HAVE_IFADDRS_H 1
| #define HAVE_LIMITS_H 1
| #define HAVE_LINUX_TCP_H 1
| #define HAVE_LINUX_SOCKET_H 1
| #define HAVE_MALLOC_H 1
| #define HAVE_NETDB_H 1
| #define HAVE_NETINET_IN_H 1
| #define HAVE_SCHED_H 1
| #define HAVE_SIGNAL_H 1
| #define HAVE_STDLIB_H 1
| #define HAVE_STRING_H 1
| #define HAVE_STRINGS_H 1
| #define HAVE_SYSCALL_H 1
| #define HAVE_SYS_IOCTL_H 1
| #define HAVE_SYS_MMAN_H 1
| #define HAVE_SYS_PARAM_H 1
| #define HAVE_SYS_SOCKET_H 1
| #define HAVE_SYS_STAT_H 1
| #define HAVE_SYS_TIME_H 1
| #define HAVE_SYS_WAIT_H 1
| #define HAVE_SYS_IPC_H 1
| #define HAVE_SYS_SYSINFO_H 1
| #define HAVE_SYS_WAIT_H 1
| #define HAVE_STDLIB_H 1
| #define HAVE_UNISTD_H 1
| #define HAVE_NETINET_IN_SYSTM_H 1
| #define HAVE_NETINET_IP_H 1
| #define HAVE_SYS_SENDFILE_H 1
| #define netperf_socklen_t unsigned
| #define H_ERRNO_DECLARED 1
| #define HAVE_STRUCT_SOCKADDR_STORAGE 1
| #define TIME_WITH_SYS_TIME 1
| #define HAVE__BOOL 1
| #define HAVE_STDBOOL_H 1
| /* end confdefs.h.  */
| #include <stddef.h>
| #ifdef HAVE_STDIO_H
| # include <stdio.h>
| #endif
| #ifdef HAVE_STDLIB_H
| # include <stdlib.h>
| #endif
| #ifdef HAVE_STRING_H
| # include <string.h>
| #endif
| #ifdef HAVE_INTTYPES_H
| # include <inttypes.h>
| #endif
| #ifdef HAVE_STDINT_H
| # include <stdint.h>
| #endif
| #ifdef HAVE_STRINGS_H
| # include <strings.h>
| #endif
| #ifdef HAVE_SYS_TYPES_H
| # include <sys/types.h>
| #endif
| #ifdef HAVE_SYS_STAT_H
| # include <sys/stat.h>
| #endif
| #ifdef HAVE_UNISTD_H
| # include <unistd.h>
| #endif
| 
| int
| main (void)
| {
| if (sizeof ((pid_t)))
| 	    return 0;
|   ;
|   return 0;
| }
configure:5941: result: yes
configure:5982: checking for fork
configure:5982: riscv64-linux-musl-gcc -o conftest    conftest.c -lm  >&5
conftest.c:81:6: warning: conflicting types for built-in function 'fork'; expected 'int(void)' [-Wbuiltin-declaration-mismatch]
   81 | char fork ();
      |      ^~~~
configure:5982: $? = 0
configure:5982: result: yes
configure:5982: checking for vfork
configure:5982: riscv64-linux-musl-gcc -o conftest    conftest.c -lm  >&5
configure:5982: $? = 0
configure:5982: result: yes
configure:5982: checking for getpagesize
configure:5982: riscv64-linux-musl-gcc -o conftest    conftest.c -lm  >&5
configure:5982: $? = 0
configure:5982: result: yes
configure:5995: checking for working fork
configure:6030: result: cross
configure:6046: WARNING: result yes guessed because of cross compilation
configure:6051: checking for working vfork
configure:6180: result: yes
configure:6210: checking for working mmap
configure:6373: result: yes
configure:6385: checking types of arguments for select
configure:6415: riscv64-linux-musl-gcc -c   conftest.c >&5
configure:6415: $? = 0
configure:6425: result: int,fd_set *,struct timeval *
configure:6442: checking whether setpgrp requires zero arguments
configure:6460: riscv64-linux-musl-gcc -c   conftest.c >&5
conftest.c: In function 'main':
conftest.c:105:1: error: too many arguments to function 'setpgrp'
  105 | setpgrp(0, 0);
      | ^~~~~~~
In file included from conftest.c:100:
/opt/riscv64-linux-musl-cross/riscv64-linux-musl/include/unistd.h:143:7: note: declared here
  143 | pid_t setpgrp(void);
      |       ^~~~~~~
configure:6460: $? = 1
configure: failed program was:
| /* confdefs.h */
| #define PACKAGE_NAME "netperf"
| #define PACKAGE_TARNAME "netperf"
| #define PACKAGE_VERSION "2.7.0"
| #define PACKAGE_STRING "netperf 2.7.0"
| #define PACKAGE_BUGREPORT ""
| #define PACKAGE_URL ""
| #define PACKAGE "netperf"
| #define VERSION "2.7.0"
| #define HAVE_LIBM 1
| #define HAVE_STDIO_H 1
| #define HAVE_STDLIB_H 1
| #define HAVE_STRING_H 1
| #define HAVE_INTTYPES_H 1
| #define HAVE_STDINT_H 1
| #define HAVE_STRINGS_H 1
| #define HAVE_SYS_STAT_H 1
| #define HAVE_SYS_TYPES_H 1
| #define HAVE_UNISTD_H 1
| #define HAVE_SYS_TIME_H 1
| #define HAVE_SYS_PARAM_H 1
| #define HAVE_SYS_SELECT_H 1
| #define HAVE_SYS_SOCKET_H 1
| #define STDC_HEADERS 1
| #define HAVE_SYS_WAIT_H 1
| #define HAVE_ARPA_INET_H 1
| #define HAVE_ENDIAN_H 1
| #define HAVE_ERRNO_H 1
| #define HAVE_FCNTL_H 1
| #define HAVE_IFADDRS_H 1
| #define HAVE_LIMITS_H 1
| #define HAVE_LINUX_TCP_H 1
| #define HAVE_LINUX_SOCKET_H 1
| #define HAVE_MALLOC_H 1
| #define HAVE_NETDB_H 1
| #define HAVE_NETINET_IN_H 1
| #define HAVE_SCHED_H 1
| #define HAVE_SIGNAL_H 1
| #define HAVE_STDLIB_H 1
| #define HAVE_STRING_H 1
| #define HAVE_STRINGS_H 1
| #define HAVE_SYSCALL_H 1
| #define HAVE_SYS_IOCTL_H 1
| #define HAVE_SYS_MMAN_H 1
| #define HAVE_SYS_PARAM_H 1
| #define HAVE_SYS_SOCKET_H 1
| #define HAVE_SYS_STAT_H 1
| #define HAVE_SYS_TIME_H 1
| #define HAVE_SYS_WAIT_H 1
| #define HAVE_SYS_IPC_H 1
| #define HAVE_SYS_SYSINFO_H 1
| #define HAVE_SYS_WAIT_H 1
| #define HAVE_STDLIB_H 1
| #define HAVE_UNISTD_H 1
| #define HAVE_NETINET_IN_SYSTM_H 1
| #define HAVE_NETINET_IP_H 1
| #define HAVE_SYS_SENDFILE_H 1
| #define netperf_socklen_t unsigned
| #define H_ERRNO_DECLARED 1
| #define HAVE_STRUCT_SOCKADDR_STORAGE 1
| #define TIME_WITH_SYS_TIME 1
| #define HAVE__BOOL 1
| #define HAVE_STDBOOL_H 1
| #define HAVE_FORK 1
| #define HAVE_VFORK 1
| #define HAVE_GETPAGESIZE 1
| #define HAVE_WORKING_VFORK 1
| #define HAVE_WORKING_FORK 1
| #define HAVE_MMAP 1
| #define SELECT_TYPE_ARG1 int
| #define SELECT_TYPE_ARG234 (fd_set *)
| #define SELECT_TYPE_ARG5 (struct timeval *)
| /* end confdefs.h.  */
| #include <stddef.h>
| #ifdef HAVE_STDIO_H
| # include <stdio.h>
| #endif
| #ifdef HAVE_STDLIB_H
| # include <stdlib.h>
| #endif
| #ifdef HAVE_STRING_H
| # include <string.h>
| #endif
| #ifdef HAVE_INTTYPES_H
| # include <inttypes.h>
| #endif
| #ifdef HAVE_STDINT_H
| # include <stdint.h>
| #endif
| #ifdef HAVE_STRINGS_H
| # include <strings.h>
| #endif
| #ifdef HAVE_SYS_TYPES_H
| # include <sys/types.h>
| #endif
| #ifdef HAVE_SYS_STAT_H
| # include <sys/stat.h>
| #endif
| #ifdef HAVE_UNISTD_H
| # include <unistd.h>
| #endif
| int
| main (void)
| {
| setpgrp(0, 0);
|   ;
|   return 0;
| }
configure:6469: result: yes
configure:6477: checking return type of signal handlers
configure:6496: riscv64-linux-musl-gcc -c   conftest.c >&5
conftest.c: In function 'main':
conftest.c:81:10: error: void value not ignored as it ought to be
   81 | return *(signal (0, 0)) (0) == 1;
      |         ~^~~~~~~~~~~~~~~~~~
configure:6496: $? = 1
configure: failed program was:
| /* confdefs.h */
| #define PACKAGE_NAME "netperf"
| #define PACKAGE_TARNAME "netperf"
| #define PACKAGE_VERSION "2.7.0"
| #define PACKAGE_STRING "netperf 2.7.0"
| #define PACKAGE_BUGREPORT ""
| #define PACKAGE_URL ""
| #define PACKAGE "netperf"
| #define VERSION "2.7.0"
| #define HAVE_LIBM 1
| #define HAVE_STDIO_H 1
| #define HAVE_STDLIB_H 1
| #define HAVE_STRING_H 1
| #define HAVE_INTTYPES_H 1
| #define HAVE_STDINT_H 1
| #define HAVE_STRINGS_H 1
| #define HAVE_SYS_STAT_H 1
| #define HAVE_SYS_TYPES_H 1
| #define HAVE_UNISTD_H 1
| #define HAVE_SYS_TIME_H 1
| #define HAVE_SYS_PARAM_H 1
| #define HAVE_SYS_SELECT_H 1
| #define HAVE_SYS_SOCKET_H 1
| #define STDC_HEADERS 1
| #define HAVE_SYS_WAIT_H 1
| #define HAVE_ARPA_INET_H 1
| #define HAVE_ENDIAN_H 1
| #define HAVE_ERRNO_H 1
| #define HAVE_FCNTL_H 1
| #define HAVE_IFADDRS_H 1
| #define HAVE_LIMITS_H 1
| #define HAVE_LINUX_TCP_H 1
| #define HAVE_LINUX_SOCKET_H 1
| #define HAVE_MALLOC_H 1
| #define HAVE_NETDB_H 1
| #define HAVE_NETINET_IN_H 1
| #define HAVE_SCHED_H 1
| #define HAVE_SIGNAL_H 1
| #define HAVE_STDLIB_H 1
| #define HAVE_STRING_H 1
| #define HAVE_STRINGS_H 1
| #define HAVE_SYSCALL_H 1
| #define HAVE_SYS_IOCTL_H 1
| #define HAVE_SYS_MMAN_H 1
| #define HAVE_SYS_PARAM_H 1
| #define HAVE_SYS_SOCKET_H 1
| #define HAVE_SYS_STAT_H 1
| #define HAVE_SYS_TIME_H 1
| #define HAVE_SYS_WAIT_H 1
| #define HAVE_SYS_IPC_H 1
| #define HAVE_SYS_SYSINFO_H 1
| #define HAVE_SYS_WAIT_H 1
| #define HAVE_STDLIB_H 1
| #define HAVE_UNISTD_H 1
| #define HAVE_NETINET_IN_SYSTM_H 1
| #define HAVE_NETINET_IP_H 1
| #define HAVE_SYS_SENDFILE_H 1
| #define netperf_socklen_t unsigned
| #define H_ERRNO_DECLARED 1
| #define HAVE_STRUCT_SOCKADDR_STORAGE 1
| #define TIME_WITH_SYS_TIME 1
| #define HAVE__BOOL 1
| #define HAVE_STDBOOL_H 1
| #define HAVE_FORK 1
| #define HAVE_VFORK 1
| #define HAVE_GETPAGESIZE 1
| #define HAVE_WORKING_VFORK 1
| #define HAVE_WORKING_FORK 1
| #define HAVE_MMAP 1
| #define SELECT_TYPE_ARG1 int
| #define SELECT_TYPE_ARG234 (fd_set *)
| #define SELECT_TYPE_ARG5 (struct timeval *)
| #define SETPGRP_VOID 1
| /* end confdefs.h.  */
| #include <sys/types.h>
| #include <signal.h>
| 
| int
| main (void)
| {
| return *(signal (0, 0)) (0) == 1;
|   ;
|   return 0;
| }
configure:6504: result: void
configure:6513: checking for alarm
configure:6513: riscv64-linux-musl-gcc -o conftest    conftest.c -lm  >&5
configure:6513: $? = 0
configure:6513: result: yes
configure:6519: checking for bzero
configure:6519: riscv64-linux-musl-gcc -o conftest    conftest.c -lm  >&5
conftest.c:93:6: warning: conflicting types for built-in function 'bzero'; expected 'void(void *, long unsigned int)' [-Wbuiltin-declaration-mismatch]
   93 | char bzero ();
      |      ^~~~~
configure:6519: $? = 0
configure:6519: result: yes
configure:6525: checking for daemon
configure:6525: riscv64-linux-musl-gcc -o conftest    conftest.c -lm  >&5
configure:6525: $? = 0
configure:6525: result: yes
configure:6531: checking for gethostbyname
configure:6531: riscv64-linux-musl-gcc -o conftest    conftest.c -lm  >&5
configure:6531: $? = 0
configure:6531: result: yes
configure:6537: checking for gethrtime
configure:6537: riscv64-linux-musl-gcc -o conftest    conftest.c -lm  >&5
/opt/riscv64-linux-musl-cross/bin/../lib/gcc/riscv64-linux-musl/11.2.1/../../../../riscv64-linux-musl/bin/ld: /tmp/ccknIDaM.o: in function `main':
conftest.c:(.text+0x8): undefined reference to `gethrtime'
collect2: error: ld returned 1 exit status
configure:6537: $? = 1
configure: failed program was:
| /* confdefs.h */
| #define PACKAGE_NAME "netperf"
| #define PACKAGE_TARNAME "netperf"
| #define PACKAGE_VERSION "2.7.0"
| #define PACKAGE_STRING "netperf 2.7.0"
| #define PACKAGE_BUGREPORT ""
| #define PACKAGE_URL ""
| #define PACKAGE "netperf"
| #define VERSION "2.7.0"
| #define HAVE_LIBM 1
| #define HAVE_STDIO_H 1
| #define HAVE_STDLIB_H 1
| #define HAVE_STRING_H 1
| #define HAVE_INTTYPES_H 1
| #define HAVE_STDINT_H 1
| #define HAVE_STRINGS_H 1
| #define HAVE_SYS_STAT_H 1
| #define HAVE_SYS_TYPES_H 1
| #define HAVE_UNISTD_H 1
| #define HAVE_SYS_TIME_H 1
| #define HAVE_SYS_PARAM_H 1
| #define HAVE_SYS_SELECT_H 1
| #define HAVE_SYS_SOCKET_H 1
| #define STDC_HEADERS 1
| #define HAVE_SYS_WAIT_H 1
| #define HAVE_ARPA_INET_H 1
| #define HAVE_ENDIAN_H 1
| #define HAVE_ERRNO_H 1
| #define HAVE_FCNTL_H 1
| #define HAVE_IFADDRS_H 1
| #define HAVE_LIMITS_H 1
| #define HAVE_LINUX_TCP_H 1
| #define HAVE_LINUX_SOCKET_H 1
| #define HAVE_MALLOC_H 1
| #define HAVE_NETDB_H 1
| #define HAVE_NETINET_IN_H 1
| #define HAVE_SCHED_H 1
| #define HAVE_SIGNAL_H 1
| #define HAVE_STDLIB_H 1
| #define HAVE_STRING_H 1
| #define HAVE_STRINGS_H 1
| #define HAVE_SYSCALL_H 1
| #define HAVE_SYS_IOCTL_H 1
| #define HAVE_SYS_MMAN_H 1
| #define HAVE_SYS_PARAM_H 1
| #define HAVE_SYS_SOCKET_H 1
| #define HAVE_SYS_STAT_H 1
| #define HAVE_SYS_TIME_H 1
| #define HAVE_SYS_WAIT_H 1
| #define HAVE_SYS_IPC_H 1
| #define HAVE_SYS_SYSINFO_H 1
| #define HAVE_SYS_WAIT_H 1
| #define HAVE_STDLIB_H 1
| #define HAVE_UNISTD_H 1
| #define HAVE_NETINET_IN_SYSTM_H 1
| #define HAVE_NETINET_IP_H 1
| #define HAVE_SYS_SENDFILE_H 1
| #define netperf_socklen_t unsigned
| #define H_ERRNO_DECLARED 1
| #define HAVE_STRUCT_SOCKADDR_STORAGE 1
| #define TIME_WITH_SYS_TIME 1
| #define HAVE__BOOL 1
| #define HAVE_STDBOOL_H 1
| #define HAVE_FORK 1
| #define HAVE_VFORK 1
| #define HAVE_GETPAGESIZE 1
| #define HAVE_WORKING_VFORK 1
| #define HAVE_WORKING_FORK 1
| #define HAVE_MMAP 1
| #define SELECT_TYPE_ARG1 int
| #define SELECT_TYPE_ARG234 (fd_set *)
| #define SELECT_TYPE_ARG5 (struct timeval *)
| #define SETPGRP_VOID 1
| #define RETSIGTYPE void
| #define HAVE_ALARM 1
| #define HAVE_BZERO 1
| #define HAVE_DAEMON 1
| #define HAVE_GETHOSTBYNAME 1
| /* end confdefs.h.  */
| /* Define gethrtime to an innocuous variant, in case <limits.h> declares gethrtime.
|    For example, HP-UX 11i <limits.h> declares gettimeofday.  */
| #define gethrtime innocuous_gethrtime
| 
| /* System header to define __stub macros and hopefully few prototypes,
|    which can conflict with char gethrtime (); below.  */
| 
| #include <limits.h>
| #undef gethrtime
| 
| /* Override any GCC internal prototype to avoid an error.
|    Use char because int might match the return type of a GCC
|    builtin and then its argument prototype would still apply.  */
| #ifdef __cplusplus
| extern "C"
| #endif
| char gethrtime ();
| /* The GNU C library defines this for functions which it implements
|     to always fail with ENOSYS.  Some functions are actually named
|     something starting with __ and the normal name is an alias.  */
| #if defined __stub_gethrtime || defined __stub___gethrtime
| choke me
| #endif
| 
| int
| main (void)
| {
| return gethrtime ();
|   ;
|   return 0;
| }
configure:6537: result: no
configure:6543: checking for gettimeofday
configure:6543: riscv64-linux-musl-gcc -o conftest    conftest.c -lm  >&5
configure:6543: $? = 0
configure:6543: result: yes
configure:6549: checking for inet_ntoa
configure:6549: riscv64-linux-musl-gcc -o conftest    conftest.c -lm  >&5
configure:6549: $? = 0
configure:6549: result: yes
configure:6555: checking for memset
configure:6555: riscv64-linux-musl-gcc -o conftest    conftest.c -lm  >&5
conftest.c:98:6: warning: conflicting types for built-in function 'memset'; expected 'void *(void *, int,  long unsigned int)' [-Wbuiltin-declaration-mismatch]
   98 | char memset ();
      |      ^~~~~~
conftest.c:90:1: note: 'memset' is declared in header '<string.h>'
   89 | #include <limits.h>
   90 | #undef memset
configure:6555: $? = 0
configure:6555: result: yes
configure:6561: checking for memcpy
configure:6561: riscv64-linux-musl-gcc -o conftest    conftest.c -lm  >&5
conftest.c:99:6: warning: conflicting types for built-in function 'memcpy'; expected 'void *(void *, const void *, long unsigned int)' [-Wbuiltin-declaration-mismatch]
   99 | char memcpy ();
      |      ^~~~~~
conftest.c:91:1: note: 'memcpy' is declared in header '<string.h>'
   90 | #include <limits.h>
   91 | #undef memcpy
configure:6561: $? = 0
configure:6561: result: yes
configure:6567: checking for munmap
configure:6567: riscv64-linux-musl-gcc -o conftest    conftest.c -lm  >&5
configure:6567: $? = 0
configure:6567: result: yes
configure:6573: checking for select
configure:6573: riscv64-linux-musl-gcc -o conftest    conftest.c -lm  >&5
configure:6573: $? = 0
configure:6573: result: yes
configure:6579: checking for setsid
configure:6579: riscv64-linux-musl-gcc -o conftest    conftest.c -lm  >&5
configure:6579: $? = 0
configure:6579: result: yes
configure:6585: checking for socket
configure:6585: riscv64-linux-musl-gcc -o conftest    conftest.c -lm  >&5
configure:6585: $? = 0
configure:6585: result: yes
configure:6591: checking for sqrt
configure:6591: riscv64-linux-musl-gcc -o conftest    conftest.c -lm  >&5
conftest.c:104:6: warning: conflicting types for built-in function 'sqrt'; expected 'double(double)' [-Wbuiltin-declaration-mismatch]
  104 | char sqrt ();
      |      ^~~~
conftest.c:96:1: note: 'sqrt' is declared in header '<math.h>'
   95 | #include <limits.h>
   96 | #undef sqrt
configure:6591: $? = 0
configure:6591: result: yes
configure:6597: checking for strcasecmp
configure:6597: riscv64-linux-musl-gcc -o conftest    conftest.c -lm  >&5
conftest.c:105:6: warning: conflicting types for built-in function 'strcasecmp'; expected 'int(const char *, const char *)' [-Wbuiltin-declaration-mismatch]
  105 | char strcasecmp ();
      |      ^~~~~~~~~~
configure:6597: $? = 0
configure:6597: result: yes
configure:6603: checking for strchr
configure:6603: riscv64-linux-musl-gcc -o conftest    conftest.c -lm  >&5
conftest.c:106:6: warning: conflicting types for built-in function 'strchr'; expected 'char *(const char *, int)' [-Wbuiltin-declaration-mismatch]
  106 | char strchr ();
      |      ^~~~~~
conftest.c:98:1: note: 'strchr' is declared in header '<string.h>'
   97 | #include <limits.h>
   98 | #undef strchr
configure:6603: $? = 0
configure:6603: result: yes
configure:6609: checking for strstr
configure:6609: riscv64-linux-musl-gcc -o conftest    conftest.c -lm  >&5
conftest.c:107:6: warning: conflicting types for built-in function 'strstr'; expected 'char *(const char *, const char *)' [-Wbuiltin-declaration-mismatch]
  107 | char strstr ();
      |      ^~~~~~
conftest.c:99:1: note: 'strstr' is declared in header '<string.h>'
   98 | #include <limits.h>
   99 | #undef strstr
configure:6609: $? = 0
configure:6609: result: yes
configure:6615: checking for strtoul
configure:6615: riscv64-linux-musl-gcc -o conftest    conftest.c -lm  >&5
configure:6615: $? = 0
configure:6615: result: yes
configure:6621: checking for uname
configure:6621: riscv64-linux-musl-gcc -o conftest    conftest.c -lm  >&5
configure:6621: $? = 0
configure:6621: result: yes
configure:6627: checking for toupper
configure:6627: riscv64-linux-musl-gcc -o conftest    conftest.c -lm  >&5
conftest.c:110:6: warning: conflicting types for built-in function 'toupper'; expected 'int(int)' [-Wbuiltin-declaration-mismatch]
  110 | char toupper ();
      |      ^~~~~~~
conftest.c:102:1: note: 'toupper' is declared in header '<ctype.h>'
  101 | #include <limits.h>
  102 | #undef toupper
configure:6627: $? = 0
configure:6627: result: yes
configure:6638: checking for getnameinfo
configure:6638: riscv64-linux-musl-gcc -o conftest    conftest.c -lm  >&5
configure:6638: $? = 0
configure:6638: result: yes
configure:6644: checking for getaddrinfo
configure:6644: riscv64-linux-musl-gcc -o conftest    conftest.c -lm  >&5
configure:6644: $? = 0
configure:6644: result: yes
configure:6650: checking for inet_ntop
configure:6650: riscv64-linux-musl-gcc -o conftest    conftest.c -lm  >&5
configure:6650: $? = 0
configure:6650: result: yes
configure:6656: checking for getifaddrs
configure:6656: riscv64-linux-musl-gcc -o conftest    conftest.c -lm  >&5
configure:6656: $? = 0
configure:6656: result: yes
configure:6697: checking for sendfile
configure:6697: riscv64-linux-musl-gcc -o conftest    conftest.c -lm  >&5
configure:6697: $? = 0
configure:6697: result: yes
configure:6705: checking for uname
configure:6705: result: yes
configure:6714: checking for mpctl
configure:6714: riscv64-linux-musl-gcc -o conftest    conftest.c -lm  >&5
/opt/riscv64-linux-musl-cross/bin/../lib/gcc/riscv64-linux-musl/11.2.1/../../../../riscv64-linux-musl/bin/ld: /tmp/ccGEFFAm.o: in function `main':
conftest.c:(.text+0x8): undefined reference to `mpctl'
collect2: error: ld returned 1 exit status
configure:6714: $? = 1
configure: failed program was:
| /* confdefs.h */
| #define PACKAGE_NAME "netperf"
| #define PACKAGE_TARNAME "netperf"
| #define PACKAGE_VERSION "2.7.0"
| #define PACKAGE_STRING "netperf 2.7.0"
| #define PACKAGE_BUGREPORT ""
| #define PACKAGE_URL ""
| #define PACKAGE "netperf"
| #define VERSION "2.7.0"
| #define HAVE_LIBM 1
| #define HAVE_STDIO_H 1
| #define HAVE_STDLIB_H 1
| #define HAVE_STRING_H 1
| #define HAVE_INTTYPES_H 1
| #define HAVE_STDINT_H 1
| #define HAVE_STRINGS_H 1
| #define HAVE_SYS_STAT_H 1
| #define HAVE_SYS_TYPES_H 1
| #define HAVE_UNISTD_H 1
| #define HAVE_SYS_TIME_H 1
| #define HAVE_SYS_PARAM_H 1
| #define HAVE_SYS_SELECT_H 1
| #define HAVE_SYS_SOCKET_H 1
| #define STDC_HEADERS 1
| #define HAVE_SYS_WAIT_H 1
| #define HAVE_ARPA_INET_H 1
| #define HAVE_ENDIAN_H 1
| #define HAVE_ERRNO_H 1
| #define HAVE_FCNTL_H 1
| #define HAVE_IFADDRS_H 1
| #define HAVE_LIMITS_H 1
| #define HAVE_LINUX_TCP_H 1
| #define HAVE_LINUX_SOCKET_H 1
| #define HAVE_MALLOC_H 1
| #define HAVE_NETDB_H 1
| #define HAVE_NETINET_IN_H 1
| #define HAVE_SCHED_H 1
| #define HAVE_SIGNAL_H 1
| #define HAVE_STDLIB_H 1
| #define HAVE_STRING_H 1
| #define HAVE_STRINGS_H 1
| #define HAVE_SYSCALL_H 1
| #define HAVE_SYS_IOCTL_H 1
| #define HAVE_SYS_MMAN_H 1
| #define HAVE_SYS_PARAM_H 1
| #define HAVE_SYS_SOCKET_H 1
| #define HAVE_SYS_STAT_H 1
| #define HAVE_SYS_TIME_H 1
| #define HAVE_SYS_WAIT_H 1
| #define HAVE_SYS_IPC_H 1
| #define HAVE_SYS_SYSINFO_H 1
| #define HAVE_SYS_WAIT_H 1
| #define HAVE_STDLIB_H 1
| #define HAVE_UNISTD_H 1
| #define HAVE_NETINET_IN_SYSTM_H 1
| #define HAVE_NETINET_IP_H 1
| #define HAVE_SYS_SENDFILE_H 1
| #define netperf_socklen_t unsigned
| #define H_ERRNO_DECLARED 1
| #define HAVE_STRUCT_SOCKADDR_STORAGE 1
| #define TIME_WITH_SYS_TIME 1
| #define HAVE__BOOL 1
| #define HAVE_STDBOOL_H 1
| #define HAVE_FORK 1
| #define HAVE_VFORK 1
| #define HAVE_GETPAGESIZE 1
| #define HAVE_WORKING_VFORK 1
| #define HAVE_WORKING_FORK 1
| #define HAVE_MMAP 1
| #define SELECT_TYPE_ARG1 int
| #define SELECT_TYPE_ARG234 (fd_set *)
| #define SELECT_TYPE_ARG5 (struct timeval *)
| #define SETPGRP_VOID 1
| #define RETSIGTYPE void
| #define HAVE_ALARM 1
| #define HAVE_BZERO 1
| #define HAVE_DAEMON 1
| #define HAVE_GETHOSTBYNAME 1
| #define HAVE_GETTIMEOFDAY 1
| #define HAVE_INET_NTOA 1
| #define HAVE_MEMSET 1
| #define HAVE_MEMCPY 1
| #define HAVE_MUNMAP 1
| #define HAVE_SELECT 1
| #define HAVE_SETSID 1
| #define HAVE_SOCKET 1
| #define HAVE_SQRT 1
| #define HAVE_STRCASECMP 1
| #define HAVE_STRCHR 1
| #define HAVE_STRSTR 1
| #define HAVE_STRTOUL 1
| #define HAVE_UNAME 1
| #define HAVE_TOUPPER 1
| #define HAVE_GETNAMEINFO 1
| #define HAVE_GETADDRINFO 1
| #define HAVE_INET_NTOP 1
| #define HAVE_GETIFADDRS 1
| #define HAVE_SENDFILE 1
| #define HAVE_UNAME 1
| /* end confdefs.h.  */
| /* Define mpctl to an innocuous variant, in case <limits.h> declares mpctl.
|    For example, HP-UX 11i <limits.h> declares gettimeofday.  */
| #define mpctl innocuous_mpctl
| 
| /* System header to define __stub macros and hopefully few prototypes,
|    which can conflict with char mpctl (); below.  */
| 
| #include <limits.h>
| #undef mpctl
| 
| /* Override any GCC internal prototype to avoid an error.
|    Use char because int might match the return type of a GCC
|    builtin and then its argument prototype would still apply.  */
| #ifdef __cplusplus
| extern "C"
| #endif
| char mpctl ();
| /* The GNU C library defines this for functions which it implements
|     to always fail with ENOSYS.  Some functions are actually named
|     something starting with __ and the normal name is an alias.  */
| #if defined __stub_mpctl || defined __stub___mpctl
| choke me
| #endif
| 
| int
| main (void)
| {
| return mpctl ();
|   ;
|   return 0;
| }
configure:6714: result: no
configure:6720: checking for processor_bind
configure:6720: riscv64-linux-musl-gcc -o conftest    conftest.c -lm  >&5
/opt/riscv64-linux-musl-cross/bin/../lib/gcc/riscv64-linux-musl/11.2.1/../../../../riscv64-linux-musl/bin/ld: /tmp/ccMCehIL.o: in function `main':
conftest.c:(.text+0x8): undefined reference to `processor_bind'
collect2: error: ld returned 1 exit status
configure:6720: $? = 1
configure: failed program was:
| /* confdefs.h */
| #define PACKAGE_NAME "netperf"
| #define PACKAGE_TARNAME "netperf"
| #define PACKAGE_VERSION "2.7.0"
| #define PACKAGE_STRING "netperf 2.7.0"
| #define PACKAGE_BUGREPORT ""
| #define PACKAGE_URL ""
| #define PACKAGE "netperf"
| #define VERSION "2.7.0"
| #define HAVE_LIBM 1
| #define HAVE_STDIO_H 1
| #define HAVE_STDLIB_H 1
| #define HAVE_STRING_H 1
| #define HAVE_INTTYPES_H 1
| #define HAVE_STDINT_H 1
| #define HAVE_STRINGS_H 1
| #define HAVE_SYS_STAT_H 1
| #define HAVE_SYS_TYPES_H 1
| #define HAVE_UNISTD_H 1
| #define HAVE_SYS_TIME_H 1
| #define HAVE_SYS_PARAM_H 1
| #define HAVE_SYS_SELECT_H 1
| #define HAVE_SYS_SOCKET_H 1
| #define STDC_HEADERS 1
| #define HAVE_SYS_WAIT_H 1
| #define HAVE_ARPA_INET_H 1
| #define HAVE_ENDIAN_H 1
| #define HAVE_ERRNO_H 1
| #define HAVE_FCNTL_H 1
| #define HAVE_IFADDRS_H 1
| #define HAVE_LIMITS_H 1
| #define HAVE_LINUX_TCP_H 1
| #define HAVE_LINUX_SOCKET_H 1
| #define HAVE_MALLOC_H 1
| #define HAVE_NETDB_H 1
| #define HAVE_NETINET_IN_H 1
| #define HAVE_SCHED_H 1
| #define HAVE_SIGNAL_H 1
| #define HAVE_STDLIB_H 1
| #define HAVE_STRING_H 1
| #define HAVE_STRINGS_H 1
| #define HAVE_SYSCALL_H 1
| #define HAVE_SYS_IOCTL_H 1
| #define HAVE_SYS_MMAN_H 1
| #define HAVE_SYS_PARAM_H 1
| #define HAVE_SYS_SOCKET_H 1
| #define HAVE_SYS_STAT_H 1
| #define HAVE_SYS_TIME_H 1
| #define HAVE_SYS_WAIT_H 1
| #define HAVE_SYS_IPC_H 1
| #define HAVE_SYS_SYSINFO_H 1
| #define HAVE_SYS_WAIT_H 1
| #define HAVE_STDLIB_H 1
| #define HAVE_UNISTD_H 1
| #define HAVE_NETINET_IN_SYSTM_H 1
| #define HAVE_NETINET_IP_H 1
| #define HAVE_SYS_SENDFILE_H 1
| #define netperf_socklen_t unsigned
| #define H_ERRNO_DECLARED 1
| #define HAVE_STRUCT_SOCKADDR_STORAGE 1
| #define TIME_WITH_SYS_TIME 1
| #define HAVE__BOOL 1
| #define HAVE_STDBOOL_H 1
| #define HAVE_FORK 1
| #define HAVE_VFORK 1
| #define HAVE_GETPAGESIZE 1
| #define HAVE_WORKING_VFORK 1
| #define HAVE_WORKING_FORK 1
| #define HAVE_MMAP 1
| #define SELECT_TYPE_ARG1 int
| #define SELECT_TYPE_ARG234 (fd_set *)
| #define SELECT_TYPE_ARG5 (struct timeval *)
| #define SETPGRP_VOID 1
| #define RETSIGTYPE void
| #define HAVE_ALARM 1
| #define HAVE_BZERO 1
| #define HAVE_DAEMON 1
| #define HAVE_GETHOSTBYNAME 1
| #define HAVE_GETTIMEOFDAY 1
| #define HAVE_INET_NTOA 1
| #define HAVE_MEMSET 1
| #define HAVE_MEMCPY 1
| #define HAVE_MUNMAP 1
| #define HAVE_SELECT 1
| #define HAVE_SETSID 1
| #define HAVE_SOCKET 1
| #define HAVE_SQRT 1
| #define HAVE_STRCASECMP 1
| #define HAVE_STRCHR 1
| #define HAVE_STRSTR 1
| #define HAVE_STRTOUL 1
| #define HAVE_UNAME 1
| #define HAVE_TOUPPER 1
| #define HAVE_GETNAMEINFO 1
| #define HAVE_GETADDRINFO 1
| #define HAVE_INET_NTOP 1
| #define HAVE_GETIFADDRS 1
| #define HAVE_SENDFILE 1
| #define HAVE_UNAME 1
| /* end confdefs.h.  */
| /* Define processor_bind to an innocuous variant, in case <limits.h> declares processor_bind.
|    For example, HP-UX 11i <limits.h> declares gettimeofday.  */
| #define processor_bind innocuous_processor_bind
| 
| /* System header to define __stub macros and hopefully few prototypes,
|    which can conflict with char processor_bind (); below.  */
| 
| #include <limits.h>
| #undef processor_bind
| 
| /* Override any GCC internal prototype to avoid an error.
|    Use char because int might match the return type of a GCC
|    builtin and then its argument prototype would still apply.  */
| #ifdef __cplusplus
| extern "C"
| #endif
| char processor_bind ();
| /* The GNU C library defines this for functions which it implements
|     to always fail with ENOSYS.  Some functions are actually named
|     something starting with __ and the normal name is an alias.  */
| #if defined __stub_processor_bind || defined __stub___processor_bind
| choke me
| #endif
| 
| int
| main (void)
| {
| return processor_bind ();
|   ;
|   return 0;
| }
configure:6720: result: no
configure:6726: checking for sched_setaffinity
configure:6726: riscv64-linux-musl-gcc -o conftest    conftest.c -lm  >&5
configure:6726: $? = 0
configure:6726: result: yes
configure:6732: checking for bind_to_cpu_id
configure:6732: riscv64-linux-musl-gcc -o conftest    conftest.c -lm  >&5
/opt/riscv64-linux-musl-cross/bin/../lib/gcc/riscv64-linux-musl/11.2.1/../../../../riscv64-linux-musl/bin/ld: /tmp/ccagpFek.o: in function `main':
conftest.c:(.text+0x8): undefined reference to `bind_to_cpu_id'
collect2: error: ld returned 1 exit status
configure:6732: $? = 1
configure: failed program was:
| /* confdefs.h */
| #define PACKAGE_NAME "netperf"
| #define PACKAGE_TARNAME "netperf"
| #define PACKAGE_VERSION "2.7.0"
| #define PACKAGE_STRING "netperf 2.7.0"
| #define PACKAGE_BUGREPORT ""
| #define PACKAGE_URL ""
| #define PACKAGE "netperf"
| #define VERSION "2.7.0"
| #define HAVE_LIBM 1
| #define HAVE_STDIO_H 1
| #define HAVE_STDLIB_H 1
| #define HAVE_STRING_H 1
| #define HAVE_INTTYPES_H 1
| #define HAVE_STDINT_H 1
| #define HAVE_STRINGS_H 1
| #define HAVE_SYS_STAT_H 1
| #define HAVE_SYS_TYPES_H 1
| #define HAVE_UNISTD_H 1
| #define HAVE_SYS_TIME_H 1
| #define HAVE_SYS_PARAM_H 1
| #define HAVE_SYS_SELECT_H 1
| #define HAVE_SYS_SOCKET_H 1
| #define STDC_HEADERS 1
| #define HAVE_SYS_WAIT_H 1
| #define HAVE_ARPA_INET_H 1
| #define HAVE_ENDIAN_H 1
| #define HAVE_ERRNO_H 1
| #define HAVE_FCNTL_H 1
| #define HAVE_IFADDRS_H 1
| #define HAVE_LIMITS_H 1
| #define HAVE_LINUX_TCP_H 1
| #define HAVE_LINUX_SOCKET_H 1
| #define HAVE_MALLOC_H 1
| #define HAVE_NETDB_H 1
| #define HAVE_NETINET_IN_H 1
| #define HAVE_SCHED_H 1
| #define HAVE_SIGNAL_H 1
| #define HAVE_STDLIB_H 1
| #define HAVE_STRING_H 1
| #define HAVE_STRINGS_H 1
| #define HAVE_SYSCALL_H 1
| #define HAVE_SYS_IOCTL_H 1
| #define HAVE_SYS_MMAN_H 1
| #define HAVE_SYS_PARAM_H 1
| #define HAVE_SYS_SOCKET_H 1
| #define HAVE_SYS_STAT_H 1
| #define HAVE_SYS_TIME_H 1
| #define HAVE_SYS_WAIT_H 1
| #define HAVE_SYS_IPC_H 1
| #define HAVE_SYS_SYSINFO_H 1
| #define HAVE_SYS_WAIT_H 1
| #define HAVE_STDLIB_H 1
| #define HAVE_UNISTD_H 1
| #define HAVE_NETINET_IN_SYSTM_H 1
| #define HAVE_NETINET_IP_H 1
| #define HAVE_SYS_SENDFILE_H 1
| #define netperf_socklen_t unsigned
| #define H_ERRNO_DECLARED 1
| #define HAVE_STRUCT_SOCKADDR_STORAGE 1
| #define TIME_WITH_SYS_TIME 1
| #define HAVE__BOOL 1
| #define HAVE_STDBOOL_H 1
| #define HAVE_FORK 1
| #define HAVE_VFORK 1
| #define HAVE_GETPAGESIZE 1
| #define HAVE_WORKING_VFORK 1
| #define HAVE_WORKING_FORK 1
| #define HAVE_MMAP 1
| #define SELECT_TYPE_ARG1 int
| #define SELECT_TYPE_ARG234 (fd_set *)
| #define SELECT_TYPE_ARG5 (struct timeval *)
| #define SETPGRP_VOID 1
| #define RETSIGTYPE void
| #define HAVE_ALARM 1
| #define HAVE_BZERO 1
| #define HAVE_DAEMON 1
| #define HAVE_GETHOSTBYNAME 1
| #define HAVE_GETTIMEOFDAY 1
| #define HAVE_INET_NTOA 1
| #define HAVE_MEMSET 1
| #define HAVE_MEMCPY 1
| #define HAVE_MUNMAP 1
| #define HAVE_SELECT 1
| #define HAVE_SETSID 1
| #define HAVE_SOCKET 1
| #define HAVE_SQRT 1
| #define HAVE_STRCASECMP 1
| #define HAVE_STRCHR 1
| #define HAVE_STRSTR 1
| #define HAVE_STRTOUL 1
| #define HAVE_UNAME 1
| #define HAVE_TOUPPER 1
| #define HAVE_GETNAMEINFO 1
| #define HAVE_GETADDRINFO 1
| #define HAVE_INET_NTOP 1
| #define HAVE_GETIFADDRS 1
| #define HAVE_SENDFILE 1
| #define HAVE_UNAME 1
| #define HAVE_SCHED_SETAFFINITY 1
| /* end confdefs.h.  */
| /* Define bind_to_cpu_id to an innocuous variant, in case <limits.h> declares bind_to_cpu_id.
|    For example, HP-UX 11i <limits.h> declares gettimeofday.  */
| #define bind_to_cpu_id innocuous_bind_to_cpu_id
| 
| /* System header to define __stub macros and hopefully few prototypes,
|    which can conflict with char bind_to_cpu_id (); below.  */
| 
| #include <limits.h>
| #undef bind_to_cpu_id
| 
| /* Override any GCC internal prototype to avoid an error.
|    Use char because int might match the return type of a GCC
|    builtin and then its argument prototype would still apply.  */
| #ifdef __cplusplus
| extern "C"
| #endif
| char bind_to_cpu_id ();
| /* The GNU C library defines this for functions which it implements
|     to always fail with ENOSYS.  Some functions are actually named
|     something starting with __ and the normal name is an alias.  */
| #if defined __stub_bind_to_cpu_id || defined __stub___bind_to_cpu_id
| choke me
| #endif
| 
| int
| main (void)
| {
| return bind_to_cpu_id ();
|   ;
|   return 0;
| }
configure:6732: result: no
configure:6738: checking for bindprocessor
configure:6738: riscv64-linux-musl-gcc -o conftest    conftest.c -lm  >&5
/opt/riscv64-linux-musl-cross/bin/../lib/gcc/riscv64-linux-musl/11.2.1/../../../../riscv64-linux-musl/bin/ld: /tmp/ccJpgbOH.o: in function `main':
conftest.c:(.text+0x8): undefined reference to `bindprocessor'
collect2: error: ld returned 1 exit status
configure:6738: $? = 1
configure: failed program was:
| /* confdefs.h */
| #define PACKAGE_NAME "netperf"
| #define PACKAGE_TARNAME "netperf"
| #define PACKAGE_VERSION "2.7.0"
| #define PACKAGE_STRING "netperf 2.7.0"
| #define PACKAGE_BUGREPORT ""
| #define PACKAGE_URL ""
| #define PACKAGE "netperf"
| #define VERSION "2.7.0"
| #define HAVE_LIBM 1
| #define HAVE_STDIO_H 1
| #define HAVE_STDLIB_H 1
| #define HAVE_STRING_H 1
| #define HAVE_INTTYPES_H 1
| #define HAVE_STDINT_H 1
| #define HAVE_STRINGS_H 1
| #define HAVE_SYS_STAT_H 1
| #define HAVE_SYS_TYPES_H 1
| #define HAVE_UNISTD_H 1
| #define HAVE_SYS_TIME_H 1
| #define HAVE_SYS_PARAM_H 1
| #define HAVE_SYS_SELECT_H 1
| #define HAVE_SYS_SOCKET_H 1
| #define STDC_HEADERS 1
| #define HAVE_SYS_WAIT_H 1
| #define HAVE_ARPA_INET_H 1
| #define HAVE_ENDIAN_H 1
| #define HAVE_ERRNO_H 1
| #define HAVE_FCNTL_H 1
| #define HAVE_IFADDRS_H 1
| #define HAVE_LIMITS_H 1
| #define HAVE_LINUX_TCP_H 1
| #define HAVE_LINUX_SOCKET_H 1
| #define HAVE_MALLOC_H 1
| #define HAVE_NETDB_H 1
| #define HAVE_NETINET_IN_H 1
| #define HAVE_SCHED_H 1
| #define HAVE_SIGNAL_H 1
| #define HAVE_STDLIB_H 1
| #define HAVE_STRING_H 1
| #define HAVE_STRINGS_H 1
| #define HAVE_SYSCALL_H 1
| #define HAVE_SYS_IOCTL_H 1
| #define HAVE_SYS_MMAN_H 1
| #define HAVE_SYS_PARAM_H 1
| #define HAVE_SYS_SOCKET_H 1
| #define HAVE_SYS_STAT_H 1
| #define HAVE_SYS_TIME_H 1
| #define HAVE_SYS_WAIT_H 1
| #define HAVE_SYS_IPC_H 1
| #define HAVE_SYS_SYSINFO_H 1
| #define HAVE_SYS_WAIT_H 1
| #define HAVE_STDLIB_H 1
| #define HAVE_UNISTD_H 1
| #define HAVE_NETINET_IN_SYSTM_H 1
| #define HAVE_NETINET_IP_H 1
| #define HAVE_SYS_SENDFILE_H 1
| #define netperf_socklen_t unsigned
| #define H_ERRNO_DECLARED 1
| #define HAVE_STRUCT_SOCKADDR_STORAGE 1
| #define TIME_WITH_SYS_TIME 1
| #define HAVE__BOOL 1
| #define HAVE_STDBOOL_H 1
| #define HAVE_FORK 1
| #define HAVE_VFORK 1
| #define HAVE_GETPAGESIZE 1
| #define HAVE_WORKING_VFORK 1
| #define HAVE_WORKING_FORK 1
| #define HAVE_MMAP 1
| #define SELECT_TYPE_ARG1 int
| #define SELECT_TYPE_ARG234 (fd_set *)
| #define SELECT_TYPE_ARG5 (struct timeval *)
| #define SETPGRP_VOID 1
| #define RETSIGTYPE void
| #define HAVE_ALARM 1
| #define HAVE_BZERO 1
| #define HAVE_DAEMON 1
| #define HAVE_GETHOSTBYNAME 1
| #define HAVE_GETTIMEOFDAY 1
| #define HAVE_INET_NTOA 1
| #define HAVE_MEMSET 1
| #define HAVE_MEMCPY 1
| #define HAVE_MUNMAP 1
| #define HAVE_SELECT 1
| #define HAVE_SETSID 1
| #define HAVE_SOCKET 1
| #define HAVE_SQRT 1
| #define HAVE_STRCASECMP 1
| #define HAVE_STRCHR 1
| #define HAVE_STRSTR 1
| #define HAVE_STRTOUL 1
| #define HAVE_UNAME 1
| #define HAVE_TOUPPER 1
| #define HAVE_GETNAMEINFO 1
| #define HAVE_GETADDRINFO 1
| #define HAVE_INET_NTOP 1
| #define HAVE_GETIFADDRS 1
| #define HAVE_SENDFILE 1
| #define HAVE_UNAME 1
| #define HAVE_SCHED_SETAFFINITY 1
| /* end confdefs.h.  */
| /* Define bindprocessor to an innocuous variant, in case <limits.h> declares bindprocessor.
|    For example, HP-UX 11i <limits.h> declares gettimeofday.  */
| #define bindprocessor innocuous_bindprocessor
| 
| /* System header to define __stub macros and hopefully few prototypes,
|    which can conflict with char bindprocessor (); below.  */
| 
| #include <limits.h>
| #undef bindprocessor
| 
| /* Override any GCC internal prototype to avoid an error.
|    Use char because int might match the return type of a GCC
|    builtin and then its argument prototype would still apply.  */
| #ifdef __cplusplus
| extern "C"
| #endif
| char bindprocessor ();
| /* The GNU C library defines this for functions which it implements
|     to always fail with ENOSYS.  Some functions are actually named
|     something starting with __ and the normal name is an alias.  */
| #if defined __stub_bindprocessor || defined __stub___bindprocessor
| choke me
| #endif
| 
| int
| main (void)
| {
| return bindprocessor ();
|   ;
|   return 0;
| }
configure:6738: result: no
configure:6748: checking whether to include histogram support
configure:6779: result: no
configure:6791: checking whether to include dirty support
configure:6822: result: no
configure:6835: checking whether to include demo support
configure:6866: result: no
configure:6879: checking whether to include Unix-domain socket tests
configure:6909: result: no
configure:6922: checking whether to include DLPI tests
configure:6952: result: no
configure:6965: checking whether to include DCCP tests
configure:6995: result: no
configure:7008: checking whether to include OMNI tests
configure:7038: result: no
configure:7055: checking whether to include XTI tests
configure:7085: result: no
configure:7098: checking whether to include SDP tests
configure:7172: result: no
configure:7185: checking whether to include ICSC-EXS tests
configure:7268: result: no
configure:7382: checking whether to include SCTP tests
configure:7390: result: no
configure:7403: checking whether to include paced send (intervals) support
configure:7433: result: no
configure:7446: checking whether paced sends should spin
configure:7476: result: no
configure:7492: checking whether to include initial burst support in _RR tests
configure:7519: result: yes
configure:7535: checking which CPU utilization measurement type to use
configure:7926: result: "procstat - auto"
configure:8062: creating ./config.status

## ---------------------- ##
## Running config.status. ##
## ---------------------- ##

This file was extended by netperf config.status 2.7.0, which was
generated by GNU Autoconf 2.71.  Invocation command line was

  CONFIG_FILES    = 
  CONFIG_HEADERS  = 
  CONFIG_LINKS    = 
  CONFIG_COMMANDS = 
  $ ./config.status 

on docker-desktop

config.status:947: creating Makefile
config.status:947: creating src/netperf_version.h
config.status:947: creating src/Makefile
config.status:947: creating src/missing/Makefile
config.status:947: creating src/missing/m4/Makefile
config.status:947: creating doc/Makefile
config.status:947: creating doc/examples/Makefile
config.status:947: creating netperf.spec
config.status:947: creating config.h
config.status:1176: executing depfiles commands

## ---------------- ##
## Cache variables. ##
## ---------------- ##

ac_cv_build=x86_64-pc-linux-gnu
ac_cv_c_compiler_gnu=yes
ac_cv_c_const=yes
ac_cv_decl_h_errno=yes
ac_cv_env_CC_set=set
ac_cv_env_CC_value=riscv64-linux-musl-gcc
ac_cv_env_CFLAGS_set=
ac_cv_env_CFLAGS_value=
ac_cv_env_CPPFLAGS_set=
ac_cv_env_CPPFLAGS_value=
ac_cv_env_LDFLAGS_set=
ac_cv_env_LDFLAGS_value=
ac_cv_env_LIBS_set=
ac_cv_env_LIBS_value=
ac_cv_env_build_alias_set=set
ac_cv_env_build_alias_value=x86_64-linux-gnu
ac_cv_env_host_alias_set=set
ac_cv_env_host_alias_value=riscv64-linux-musl
ac_cv_env_target_alias_set=
ac_cv_env_target_alias_value=
ac_cv_func_alarm=yes
ac_cv_func_bind_to_cpu_id=no
ac_cv_func_bindprocessor=no
ac_cv_func_bzero=yes
ac_cv_func_daemon=yes
ac_cv_func_fork=yes
ac_cv_func_fork_works=yes
ac_cv_func_getaddrinfo=yes
ac_cv_func_gethostbyname=yes
ac_cv_func_gethrtime=no
ac_cv_func_getifaddrs=yes
ac_cv_func_getnameinfo=yes
ac_cv_func_getpagesize=yes
ac_cv_func_gettimeofday=yes
ac_cv_func_inet_ntoa=yes
ac_cv_func_inet_ntop=yes
ac_cv_func_memcpy=yes
ac_cv_func_memset=yes
ac_cv_func_mmap_fixed_mapped=yes
ac_cv_func_mpctl=no
ac_cv_func_munmap=yes
ac_cv_func_processor_bind=no
ac_cv_func_sched_setaffinity=yes
ac_cv_func_select=yes
ac_cv_func_select_args='int,fd_set *,struct timeval *'
ac_cv_func_sendfile=yes
ac_cv_func_setpgrp_void=yes
ac_cv_func_setsid=yes
ac_cv_func_socket=yes
ac_cv_func_sqrt=yes
ac_cv_func_strcasecmp=yes
ac_cv_func_strchr=yes
ac_cv_func_strstr=yes
ac_cv_func_strtoul=yes
ac_cv_func_toupper=yes
ac_cv_func_uname=yes
ac_cv_func_vfork=yes
ac_cv_func_vfork_works=yes
ac_cv_header_arpa_inet_h=yes
ac_cv_header_endian_h=yes
ac_cv_header_errno_h=yes
ac_cv_header_fcntl_h=yes
ac_cv_header_ifaddrs_h=yes
ac_cv_header_inttypes_h=yes
ac_cv_header_limits_h=yes
ac_cv_header_linux_socket_h=yes
ac_cv_header_linux_tcp_h=yes
ac_cv_header_malloc_h=yes
ac_cv_header_netdb_h=yes
ac_cv_header_netinet_in_h=yes
ac_cv_header_netinet_in_systm_h=yes
ac_cv_header_netinet_ip_h=yes
ac_cv_header_netinet_sctp_h=no
ac_cv_header_sched_h=yes
ac_cv_header_signal_h=yes
ac_cv_header_stdbool_h=yes
ac_cv_header_stdint_h=yes
ac_cv_header_stdio_h=yes
ac_cv_header_stdlib_h=yes
ac_cv_header_string_h=yes
ac_cv_header_strings_h=yes
ac_cv_header_sys_ioctl_h=yes
ac_cv_header_sys_ipc_h=yes
ac_cv_header_sys_mman_h=yes
ac_cv_header_sys_param_h=yes
ac_cv_header_sys_select_h=yes
ac_cv_header_sys_sendfile_h=yes
ac_cv_header_sys_socket_h=yes
ac_cv_header_sys_sockio_h=no
ac_cv_header_sys_stat_h=yes
ac_cv_header_sys_sysinfo_h=yes
ac_cv_header_sys_time_h=yes
ac_cv_header_sys_types_h=yes
ac_cv_header_sys_wait_h=yes
ac_cv_header_syscall_h=yes
ac_cv_header_unistd_h=yes
ac_cv_header_vfork_h=no
ac_cv_host=riscv64-unknown-linux-musl
ac_cv_lib_m=ac_cv_lib_m_main
ac_cv_lib_m_main=yes
ac_cv_lib_mach=ac_cv_lib_mach_main
ac_cv_lib_mach_main=no
ac_cv_lib_socket=ac_cv_lib_socket_main
ac_cv_lib_socket_main=no
ac_cv_objext=o
ac_cv_path_EGREP='/usr/bin/grep -E'
ac_cv_path_GREP=/usr/bin/grep
ac_cv_path_install='/usr/bin/install -c'
ac_cv_path_mkdir=/usr/bin/mkdir
ac_cv_prog_AWK=gawk
ac_cv_prog_CC=riscv64-linux-musl-gcc
ac_cv_prog_RANLIB=riscv64-linux-musl-ranlib
ac_cv_prog_STRIP=riscv64-linux-musl-strip
ac_cv_prog_cc_c11=
ac_cv_prog_cc_g=yes
ac_cv_prog_cc_stdc=
ac_cv_prog_make_make_set=yes
ac_cv_sockaddr_has_sa_len=no
ac_cv_struct_sockaddr_storage=yes
ac_cv_target=riscv64-unknown-linux-musl
ac_cv_type__Bool=yes
ac_cv_type_off_t=yes
ac_cv_type_pid_t=yes
ac_cv_type_signal=void
ac_cv_type_size_t=yes
am_cv_CC_dependencies_compiler_type=gcc3
curl_cv_socklen_t_equiv=unsigned

## ----------------- ##
## Output variables. ##
## ----------------- ##

ACLOCAL='${SHELL} /workspace/netperf-2.7.0/missing --run aclocal-1.11'
AMDEPBACKSLASH='\'
AMDEP_FALSE='#'
AMDEP_TRUE=''
AMTAR='$${TAR-tar}'
AUTOCONF='${SHELL} /workspace/netperf-2.7.0/missing --run autoconf'
AUTOHEADER='${SHELL} /workspace/netperf-2.7.0/missing --run autoheader'
AUTOMAKE='${SHELL} /workspace/netperf-2.7.0/missing --run automake-1.11'
AWK='gawk'
CC='riscv64-linux-musl-gcc'
CCDEPMODE='depmode=gcc3'
CFLAGS=''
CPPFLAGS=''
CYGPATH_W='echo'
DEFS='-DHAVE_CONFIG_H'
DEPDIR='.deps'
ECHO_C=''
ECHO_N='-n'
ECHO_T=''
EGREP='/usr/bin/grep -E'
EXEEXT=''
GREP='/usr/bin/grep'
INSTALL_DATA='${INSTALL} -m 644'
INSTALL_PROGRAM='${INSTALL}'
INSTALL_SCRIPT='${INSTALL}'
INSTALL_STRIP_PROGRAM='$(install_sh) -c -s'
LDFLAGS=''
LIBOBJS=''
LIBS='-lm '
LTLIBOBJS=''
MAKEINFO='${SHELL} /workspace/netperf-2.7.0/missing --run makeinfo'
MKDIR_P='/usr/bin/mkdir -p'
NEED_LIBCOMPAT_FALSE=''
NEED_LIBCOMPAT_TRUE='#'
NETCPU_SOURCE='procstat'
OBJEXT='o'
PACKAGE='netperf'
PACKAGE_BUGREPORT=''
PACKAGE_NAME='netperf'
PACKAGE_STRING='netperf 2.7.0'
PACKAGE_TARNAME='netperf'
PACKAGE_URL=''
PACKAGE_VERSION='2.7.0'
PATH_SEPARATOR=':'
RANLIB='riscv64-linux-musl-ranlib'
SET_MAKE=''
SHELL='/bin/bash'
STRIP='riscv64-linux-musl-strip'
VERSION='2.7.0'
ac_ct_CC=''
am__EXEEXT_FALSE=''
am__EXEEXT_TRUE='#'
am__fastdepCC_FALSE='#'
am__fastdepCC_TRUE=''
am__include='include'
am__isrc=''
am__leading_dot='.'
am__nodep='_no'
am__quote=''
am__tar='$${TAR-tar} chof - "$$tardir"'
am__untar='$${TAR-tar} xf -'
bindir='${exec_prefix}/bin'
build='x86_64-pc-linux-gnu'
build_alias='x86_64-linux-gnu'
build_cpu='x86_64'
build_os='linux-gnu'
build_vendor='pc'
datadir='${datarootdir}'
datarootdir='${prefix}/share'
docdir='${datarootdir}/doc/${PACKAGE_TARNAME}'
dvidir='${docdir}'
exec_prefix='${prefix}'
host='riscv64-unknown-linux-musl'
host_alias='riscv64-linux-musl'
host_cpu='riscv64'
host_os='linux-musl'
host_vendor='unknown'
htmldir='${docdir}'
includedir='${prefix}/include'
infodir='${datarootdir}/info'
install_sh='${SHELL} /workspace/netperf-2.7.0/install-sh'
libdir='${exec_prefix}/lib'
libexecdir='${exec_prefix}/libexec'
localedir='${datarootdir}/locale'
localstatedir='${prefix}/var'
mandir='${datarootdir}/man'
mkdir_p='/usr/bin/mkdir -p'
oldincludedir='/usr/include'
pdfdir='${docdir}'
prefix='/usr/local'
program_transform_name='s,x,x,'
psdir='${docdir}'
runstatedir='${localstatedir}/run'
sbindir='${exec_prefix}/sbin'
sharedstatedir='${prefix}/com'
sysconfdir='${prefix}/etc'
target='riscv64-unknown-linux-musl'
target_alias=''
target_cpu='riscv64'
target_os='linux-musl'
target_vendor='unknown'

## ----------- ##
## confdefs.h. ##
## ----------- ##

/* confdefs.h */
#define PACKAGE_NAME "netperf"
#define PACKAGE_TARNAME "netperf"
#define PACKAGE_VERSION "2.7.0"
#define PACKAGE_STRING "netperf 2.7.0"
#define PACKAGE_BUGREPORT ""
#define PACKAGE_URL ""
#define PACKAGE "netperf"
#define VERSION "2.7.0"
#define HAVE_LIBM 1
#define HAVE_STDIO_H 1
#define HAVE_STDLIB_H 1
#define HAVE_STRING_H 1
#define HAVE_INTTYPES_H 1
#define HAVE_STDINT_H 1
#define HAVE_STRINGS_H 1
#define HAVE_SYS_STAT_H 1
#define HAVE_SYS_TYPES_H 1
#define HAVE_UNISTD_H 1
#define HAVE_SYS_TIME_H 1
#define HAVE_SYS_PARAM_H 1
#define HAVE_SYS_SELECT_H 1
#define HAVE_SYS_SOCKET_H 1
#define STDC_HEADERS 1
#define HAVE_SYS_WAIT_H 1
#define HAVE_ARPA_INET_H 1
#define HAVE_ENDIAN_H 1
#define HAVE_ERRNO_H 1
#define HAVE_FCNTL_H 1
#define HAVE_IFADDRS_H 1
#define HAVE_LIMITS_H 1
#define HAVE_LINUX_TCP_H 1
#define HAVE_LINUX_SOCKET_H 1
#define HAVE_MALLOC_H 1
#define HAVE_NETDB_H 1
#define HAVE_NETINET_IN_H 1
#define HAVE_SCHED_H 1
#define HAVE_SIGNAL_H 1
#define HAVE_STDLIB_H 1
#define HAVE_STRING_H 1
#define HAVE_STRINGS_H 1
#define HAVE_SYSCALL_H 1
#define HAVE_SYS_IOCTL_H 1
#define HAVE_SYS_MMAN_H 1
#define HAVE_SYS_PARAM_H 1
#define HAVE_SYS_SOCKET_H 1
#define HAVE_SYS_STAT_H 1
#define HAVE_SYS_TIME_H 1
#define HAVE_SYS_WAIT_H 1
#define HAVE_SYS_IPC_H 1
#define HAVE_SYS_SYSINFO_H 1
#define HAVE_SYS_WAIT_H 1
#define HAVE_STDLIB_H 1
#define HAVE_UNISTD_H 1
#define HAVE_NETINET_IN_SYSTM_H 1
#define HAVE_NETINET_IP_H 1
#define HAVE_SYS_SENDFILE_H 1
#define netperf_socklen_t unsigned
#define H_ERRNO_DECLARED 1
#define HAVE_STRUCT_SOCKADDR_STORAGE 1
#define TIME_WITH_SYS_TIME 1
#define HAVE__BOOL 1
#define HAVE_STDBOOL_H 1
#define HAVE_FORK 1
#define HAVE_VFORK 1
#define HAVE_GETPAGESIZE 1
#define HAVE_WORKING_VFORK 1
#define HAVE_WORKING_FORK 1
#define HAVE_MMAP 1
#define SELECT_TYPE_ARG1 int
#define SELECT_TYPE_ARG234 (fd_set *)
#define SELECT_TYPE_ARG5 (struct timeval *)
#define SETPGRP_VOID 1
#define RETSIGTYPE void
#define HAVE_ALARM 1
#define HAVE_BZERO 1
#define HAVE_DAEMON 1
#define HAVE_GETHOSTBYNAME 1
#define HAVE_GETTIMEOFDAY 1
#define HAVE_INET_NTOA 1
#define HAVE_MEMSET 1
#define HAVE_MEMCPY 1
#define HAVE_MUNMAP 1
#define HAVE_SELECT 1
#define HAVE_SETSID 1
#define HAVE_SOCKET 1
#define HAVE_SQRT 1
#define HAVE_STRCASECMP 1
#define HAVE_STRCHR 1
#define HAVE_STRSTR 1
#define HAVE_STRTOUL 1
#define HAVE_UNAME 1
#define HAVE_TOUPPER 1
#define HAVE_GETNAMEINFO 1
#define HAVE_GETADDRINFO 1
#define HAVE_INET_NTOP 1
#define HAVE_GETIFADDRS 1
#define HAVE_SENDFILE 1
#define HAVE_UNAME 1
#define HAVE_SCHED_SETAFFINITY 1
#define WANT_FIRST_BURST /**/
#define USE_PROC_STAT /**/

configure: exit 0
