CPU Reset (CPU 0)
 PC=0000000000000000  FCSR0 0x00000000
 GPR00: r0 0000000000000000 r1 0000000000000000 r2 0000000000000000 r3 0000000000000000
 GPR04: r4 0000000000000000 r5 0000000000000000 r6 0000000000000000 r7 0000000000000000
 GPR08: r8 0000000000000000 r9 0000000000000000 r10 0000000000000000 r11 0000000000000000
 GPR12: r12 0000000000000000 r13 0000000000000000 r14 0000000000000000 r15 0000000000000000
 GPR16: r16 0000000000000000 r17 0000000000000000 r18 0000000000000000 r19 0000000000000000
 GPR20: r20 0000000000000000 r21 0000000000000000 r22 0000000000000000 r23 0000000000000000
 GPR24: r24 0000000000000000 r25 0000000000000000 r26 0000000000000000 r27 0000000000000000
 GPR28: r28 0000000000000000 r29 0000000000000000 r30 0000000000000000 r31 0000000000000000
CRMD=0000000000000000
PRMD=0000000000000000
EUEN=0000000000000000
ESTAT=0000000000000000
ERA=0000000000000000
BADV=0000000000000000
BADI=0000000000000000
EENTRY=0000000000000000
PRCFG1=00000000000072f8, PRCFG2=000000003ffff000, PRCFG3=00000000008073f2
TLBRENTRY=0000000000000000
TLBRBADV=0000000000000000
TLBRERA=0000000000000000
TCFG=0000000000000000
TVAL=0000000000000000
CPU Reset (CPU 0)
 PC=000000001c000000  FCSR0 0x00000000
 GPR00: r0 0000000000000000 r1 0000000000000000 r2 0000000000000000 r3 0000000000000000
 GPR04: r4 0000000000000000 r5 0000000000000000 r6 0000000000000000 r7 0000000000000000
 GPR08: r8 0000000000000000 r9 0000000000000000 r10 0000000000000000 r11 0000000000000000
 GPR12: r12 0000000000000000 r13 0000000000000000 r14 0000000000000000 r15 0000000000000000
 GPR16: r16 0000000000000000 r17 0000000000000000 r18 0000000000000000 r19 0000000000000000
 GPR20: r20 0000000000000000 r21 0000000000000000 r22 0000000000000000 r23 0000000000000000
 GPR24: r24 0000000000000000 r25 0000000000000000 r26 0000000000000000 r27 0000000000000000
 GPR28: r28 0000000000000000 r29 0000000000000000 r30 0000000000000000 r31 0000000000000000
CRMD=0000000000000008
PRMD=0000000000000000
EUEN=0000000000000000
ESTAT=0000000000000000
ERA=0000000000000000
BADV=0000000000000000
BADI=0000000000000000
EENTRY=0000000000000000
PRCFG1=00000000000072f8, PRCFG2=000000003ffff000, PRCFG3=00000000008073f2
TLBRENTRY=0000000000000000
TLBRBADV=0000000000000000
TLBRERA=0000000000000000
TCFG=0000000000000000
TVAL=0000000000000000
----------------
IN: 
0x00000000:  00000000   illegal  	

